#
# There is insufficient memory for the Java Runtime Environment to continue.
# Native memory allocation (mmap) failed to map 4294967296 bytes for committing reserved memory.
# Possible reasons:
#   The system is out of physical RAM or swap space
#   The process is running with CompressedOops enabled, and the Java Heap may be blocking the growth of the native heap
# Possible solutions:
#   Reduce memory load on the system
#   Increase physical memory or swap space
#   Check if swap backing store is full
#   Decrease Java heap size (-Xmx/-Xms)
#   Decrease number of Java threads
#   Decrease Java thread stack sizes (-Xss)
#   Set larger code cache with -XX:ReservedCodeCacheSize=
#   JVM is running with Zero Based Compressed Oops mode in which the Java heap is
#     placed in the first 32GB address space. The Java Heap base address is the
#     maximum limit for the native heap growth. Please use -XX:HeapBaseMinAddress
#     to set the Java Heap base and to place the Java Heap above 32GB virtual address.
# This output file may be truncated or incomplete.
#
#  Out of Memory Error (os_linux.cpp:2830), pid=6953, tid=6954
#
# JRE version:  (16.0.1+9) (build )
# Java VM: Java HotSpot(TM) 64-Bit Server VM (16.0.1+9-24, mixed mode, sharing, tiered, compressed oops, compressed class ptrs, g1 gc, linux-amd64)
# Core dump will be written. Default location: Core dumps may be processed with "/usr/share/apport/apport %p %s %c %d %P %E" (or dumping to /usr/games/minecraft/core.6953)
#

---------------  S U M M A R Y ------------

Command Line: -Xmx4G -Xms4G mcserver.jar nogui

Host: Intel(R) Xeon(R) CPU E5-2686 v4 @ 2.30GHz, 2 cores, 3G, Ubuntu 20.04 LTS
Time: Tue Jun 29 22:16:52 2021 UTC elapsed time: 0.006826 seconds (0d 0h 0m 0s)

---------------  T H R E A D  ---------------

Current thread (0x00007fe0fc022230):  JavaThread "Unknown thread" [_thread_in_vm, id=6954, stack(0x00007fe10153c000,0x00007fe10163d000)]

Stack: [0x00007fe10153c000,0x00007fe10163d000],  sp=0x00007fe10163b480,  free space=1021k
Native frames: (J=compiled Java code, A=aot compiled Java code, j=interpreted, Vv=VM code, C=native code)
V  [libjvm.so+0xdfe4e7]  VMError::report_and_die(int, char const*, char const*, __va_list_tag*, Thread*, unsigned char*, void*, void*, char const*, int, unsigned long)+0x2f7
V  [libjvm.so+0xdfeeed]  VMError::report_and_die(Thread*, char const*, int, unsigned long, VMErrorType, char const*, __va_list_tag*)+0x2d
V  [libjvm.so+0x5d9233]  report_vm_out_of_memory(char const*, int, unsigned long, VMErrorType, char const*, ...)+0xc3
V  [libjvm.so+0xbd4c08]  os::pd_commit_memory_or_exit(char*, unsigned long, unsigned long, bool, char const*)+0xd8
V  [libjvm.so+0xbcd91d]  os::commit_memory_or_exit(char*, unsigned long, unsigned long, bool, char const*)+0x1d
V  [libjvm.so+0x7009fe]  G1PageBasedVirtualSpace::commit(unsigned long, unsigned long)+0x18e
V  [libjvm.so+0x715511]  G1RegionsLargerThanCommitSizeMapper::commit_regions(unsigned int, unsigned long, WorkGang*)+0x1a1
V  [libjvm.so+0x7a9cb8]  HeapRegionManager::commit_regions(unsigned int, unsigned long, WorkGang*)+0x58
V  [libjvm.so+0x7aac85]  HeapRegionManager::expand(unsigned int, unsigned int, WorkGang*)+0x35
V  [libjvm.so+0x7aae9e]  HeapRegionManager::expand_by(unsigned int, WorkGang*)+0x7e
V  [libjvm.so+0x6b8b9f]  G1CollectedHeap::expand(unsigned long, WorkGang*, double*)+0xef
V  [libjvm.so+0x6b935b]  G1CollectedHeap::initialize()+0x73b
V  [libjvm.so+0xdae76d]  universe_init()+0xbd
V  [libjvm.so+0x7cd197]  init_globals()+0x37
V  [libjvm.so+0xd8414b]  Threads::create_vm(JavaVMInitArgs*, bool*)+0x3bb
V  [libjvm.so+0x890131]  JNI_CreateJavaVM+0x51
C  [libjli.so+0x39bf]  JavaMain+0x8f
C  [libjli.so+0x7ec9]  ThreadJavaMain+0x9


---------------  P R O C E S S  ---------------

Threads class SMR info:
_java_thread_list=0x00007fe1029cfa60, length=0, elements={
}

Java Threads: ( => current thread )

Other Threads:
  0x00007fe0fc072050 GCTaskThread "GC Thread#0" [stack: 0x00007fe0dcedd000,0x00007fe0dcfdd000] [id=6955]
  0x00007fe0fc083790 ConcurrentGCThread "G1 Main Marker" [stack: 0x00007fe0dcddb000,0x00007fe0dcedb000] [id=6956]
  0x00007fe0fc084820 ConcurrentGCThread "G1 Conc#0" [stack: 0x00007fe0dccd9000,0x00007fe0dcdd9000] [id=6957]

[error occurred during error reporting (printing all threads), id 0xb, SIGSEGV (0xb) at pc=0x00007fe101e5e620]

VM state: not at safepoint (not fully initialized)

VM Mutex/Monitor currently owned by a thread:  ([mutex/lock_event])
[0x00007fe0fc01f7e0] Heap_lock - owner thread: 0x00007fe0fc022230

Heap address: 0x0000000700000000, size: 4096 MB, Compressed Oops mode: Zero based, Oop shift amount: 3

CDS archive(s) mapped at: [0x0000000000000000-0x0000000000000000-0x0000000000000000), size 0, SharedBaseAddress: 0x0000000800000000, ArchiveRelocationMode: 0.
Narrow klass base: 0x0000000000000000, Narrow klass shift: 0, Narrow klass range: 0x0

GC Precious Log:
<Empty>

Heap:
 garbage-first heap   total 0K, used 0K [0x0000000700000000, 0x0000000800000000)
  region size 2048K, 0 young (0K), 0 survivors (0K)

[error occurred during error reporting (printing heap information), id 0xb, SIGSEGV (0xb) at pc=0x00007fe102404d2e]

GC Heap History (0 events):
No events

Deoptimization events (0 events):
No events

Classes unloaded (0 events):
No events

Classes redefined (0 events):
No events

Internal exceptions (0 events):
No events

Events (2 events):
Event: 0.001 Protecting memory [0x00007fe10153c000,0x00007fe101540000] with protection modes 0
Event: 0.001 Loaded shared library /usr/lib/jvm/java-16-oracle/lib/libjava.so


Dynamic libraries:
55ddd659c000-55ddd659d000 r-xp 00000000 ca:01 258022                     /usr/lib/jvm/java-16-oracle/bin/java
55ddd659e000-55ddd659f000 r--p 00001000 ca:01 258022                     /usr/lib/jvm/java-16-oracle/bin/java
55ddd659f000-55ddd65a0000 rw-p 00002000 ca:01 258022                     /usr/lib/jvm/java-16-oracle/bin/java
55ddd80fa000-55ddd811b000 rw-p 00000000 00:00 0                          [heap]
7fe0ce000000-7fe0d0000000 rw-p 00000000 00:00 0 
7fe0d0000000-7fe0d0021000 rw-p 00000000 00:00 0 
7fe0d0021000-7fe0d4000000 ---p 00000000 00:00 0 
7fe0d4000000-7fe0d4021000 rw-p 00000000 00:00 0 
7fe0d4021000-7fe0d8000000 ---p 00000000 00:00 0 
7fe0d8000000-7fe0d8021000 rw-p 00000000 00:00 0 
7fe0d8021000-7fe0dc000000 ---p 00000000 00:00 0 
7fe0dc72f000-7fe0dccd7000 rw-p 00000000 00:00 0 
7fe0dccd7000-7fe0dccd8000 ---p 00000000 00:00 0 
7fe0dccd8000-7fe0dcdd9000 rw-p 00000000 00:00 0 
7fe0dcdd9000-7fe0dcdda000 ---p 00000000 00:00 0 
7fe0dcdda000-7fe0dcedb000 rw-p 00000000 00:00 0 
7fe0dcedb000-7fe0dcedc000 ---p 00000000 00:00 0 
7fe0dcedc000-7fe0dcfdd000 rw-p 00000000 00:00 0 
7fe0dcfdd000-7fe0e57dd000 ---p 00000000 00:00 0 
7fe0e57dd000-7fe0e5a4d000 rwxp 00000000 00:00 0 
7fe0e5a4d000-7fe0e5d6c000 ---p 00000000 00:00 0 
7fe0e5d6c000-7fe0e5fdc000 rwxp 00000000 00:00 0 
7fe0e5fdc000-7fe0ed2a4000 ---p 00000000 00:00 0 
7fe0ed2a4000-7fe0ed514000 rwxp 00000000 00:00 0 
7fe0ed514000-7fe0f47dd000 ---p 00000000 00:00 0 
7fe0f47dd000-7fe0fc000000 r--s 00000000 ca:01 258427                     /usr/lib/jvm/java-16-oracle/lib/modules
7fe0fc000000-7fe0fc09a000 rw-p 00000000 00:00 0 
7fe0fc09a000-7fe100000000 ---p 00000000 00:00 0 
7fe1000a5000-7fe1000ea000 rw-p 00000000 00:00 0 
7fe1000ea000-7fe1010ea000 ---p 00000000 00:00 0 
7fe1010ea000-7fe1012f1000 rw-p 00000000 00:00 0 
7fe1012f1000-7fe1013d7000 ---p 00000000 00:00 0 
7fe1013d7000-7fe1013dc000 rw-p 00000000 00:00 0 
7fe1013dc000-7fe1014c2000 ---p 00000000 00:00 0 
7fe1014c2000-7fe1014c7000 rw-p 00000000 00:00 0 
7fe1014c7000-7fe1014ce000 ---p 00000000 00:00 0 
7fe1014ce000-7fe1014f2000 r-xp 00000000 ca:01 258405                     /usr/lib/jvm/java-16-oracle/lib/libjava.so
7fe1014f2000-7fe1014f3000 ---p 00024000 ca:01 258405                     /usr/lib/jvm/java-16-oracle/lib/libjava.so
7fe1014f3000-7fe1014f4000 r--p 00024000 ca:01 258405                     /usr/lib/jvm/java-16-oracle/lib/libjava.so
7fe1014f4000-7fe1014f5000 rw-p 00025000 ca:01 258405                     /usr/lib/jvm/java-16-oracle/lib/libjava.so
7fe1014f5000-7fe1014f6000 rw-p 00000000 00:00 0 
7fe1014f6000-7fe1014f9000 r--p 00000000 ca:01 3426                       /usr/lib/x86_64-linux-gnu/libnss_files-2.31.so
7fe1014f9000-7fe101500000 r-xp 00003000 ca:01 3426                       /usr/lib/x86_64-linux-gnu/libnss_files-2.31.so
7fe101500000-7fe101502000 r--p 0000a000 ca:01 3426                       /usr/lib/x86_64-linux-gnu/libnss_files-2.31.so
7fe101502000-7fe101503000 r--p 0000b000 ca:01 3426                       /usr/lib/x86_64-linux-gnu/libnss_files-2.31.so
7fe101503000-7fe101504000 rw-p 0000c000 ca:01 3426                       /usr/lib/x86_64-linux-gnu/libnss_files-2.31.so
7fe101504000-7fe10150a000 rw-p 00000000 00:00 0 
7fe10150a000-7fe101512000 rw-s 00000000 ca:01 257869                     /tmp/hsperfdata_root/6953
7fe101512000-7fe10152d000 r-xp 00000000 ca:01 258409                     /usr/lib/jvm/java-16-oracle/lib/libjimage.so
7fe10152d000-7fe10152e000 ---p 0001b000 ca:01 258409                     /usr/lib/jvm/java-16-oracle/lib/libjimage.so
7fe10152e000-7fe101530000 r--p 0001b000 ca:01 258409                     /usr/lib/jvm/java-16-oracle/lib/libjimage.so
7fe101530000-7fe101531000 rw-p 0001d000 ca:01 258409                     /usr/lib/jvm/java-16-oracle/lib/libjimage.so
7fe101531000-7fe101534000 r--p 00000000 ca:01 3433                       /usr/lib/x86_64-linux-gnu/librt-2.31.so
7fe101534000-7fe101538000 r-xp 00003000 ca:01 3433                       /usr/lib/x86_64-linux-gnu/librt-2.31.so
7fe101538000-7fe101539000 r--p 00007000 ca:01 3433                       /usr/lib/x86_64-linux-gnu/librt-2.31.so
7fe101539000-7fe10153a000 ---p 00008000 ca:01 3433                       /usr/lib/x86_64-linux-gnu/librt-2.31.so
7fe10153a000-7fe10153b000 r--p 00008000 ca:01 3433                       /usr/lib/x86_64-linux-gnu/librt-2.31.so
7fe10153b000-7fe10153c000 rw-p 00009000 ca:01 3433                       /usr/lib/x86_64-linux-gnu/librt-2.31.so
7fe10153c000-7fe101540000 ---p 00000000 00:00 0 
7fe101540000-7fe10163d000 rw-p 00000000 00:00 0 
7fe10163d000-7fe10164c000 r--p 00000000 ca:01 3420                       /usr/lib/x86_64-linux-gnu/libm-2.31.so
7fe10164c000-7fe1016f3000 r-xp 0000f000 ca:01 3420                       /usr/lib/x86_64-linux-gnu/libm-2.31.so
7fe1016f3000-7fe10178a000 r--p 000b6000 ca:01 3420                       /usr/lib/x86_64-linux-gnu/libm-2.31.so
7fe10178a000-7fe10178b000 r--p 0014c000 ca:01 3420                       /usr/lib/x86_64-linux-gnu/libm-2.31.so
7fe10178b000-7fe10178c000 rw-p 0014d000 ca:01 3420                       /usr/lib/x86_64-linux-gnu/libm-2.31.so
7fe10178c000-7fe10289a000 r-xp 00000000 ca:01 258439                     /usr/lib/jvm/java-16-oracle/lib/server/libjvm.so
7fe10289a000-7fe10289b000 ---p 0110e000 ca:01 258439                     /usr/lib/jvm/java-16-oracle/lib/server/libjvm.so
7fe10289b000-7fe10294c000 r--p 0110e000 ca:01 258439                     /usr/lib/jvm/java-16-oracle/lib/server/libjvm.so
7fe10294c000-7fe10297f000 rw-p 011bf000 ca:01 258439                     /usr/lib/jvm/java-16-oracle/lib/server/libjvm.so
7fe10297f000-7fe1029dc000 rw-p 00000000 00:00 0 
7fe1029dc000-7fe102a01000 r--p 00000000 ca:01 3418                       /usr/lib/x86_64-linux-gnu/libc-2.31.so
7fe102a01000-7fe102b79000 r-xp 00025000 ca:01 3418                       /usr/lib/x86_64-linux-gnu/libc-2.31.so
7fe102b79000-7fe102bc3000 r--p 0019d000 ca:01 3418                       /usr/lib/x86_64-linux-gnu/libc-2.31.so
7fe102bc3000-7fe102bc4000 ---p 001e7000 ca:01 3418                       /usr/lib/x86_64-linux-gnu/libc-2.31.so
7fe102bc4000-7fe102bc7000 r--p 001e7000 ca:01 3418                       /usr/lib/x86_64-linux-gnu/libc-2.31.so
7fe102bc7000-7fe102bca000 rw-p 001ea000 ca:01 3418                       /usr/lib/x86_64-linux-gnu/libc-2.31.so
7fe102bca000-7fe102bce000 rw-p 00000000 00:00 0 
7fe102bce000-7fe102bcf000 r--p 00000000 ca:01 3419                       /usr/lib/x86_64-linux-gnu/libdl-2.31.so
7fe102bcf000-7fe102bd1000 r-xp 00001000 ca:01 3419                       /usr/lib/x86_64-linux-gnu/libdl-2.31.so
7fe102bd1000-7fe102bd2000 r--p 00003000 ca:01 3419                       /usr/lib/x86_64-linux-gnu/libdl-2.31.so
7fe102bd2000-7fe102bd3000 r--p 00003000 ca:01 3419                       /usr/lib/x86_64-linux-gnu/libdl-2.31.so
7fe102bd3000-7fe102bd4000 rw-p 00004000 ca:01 3419                       /usr/lib/x86_64-linux-gnu/libdl-2.31.so
7fe102bd4000-7fe102bdb000 r--p 00000000 ca:01 3431                       /usr/lib/x86_64-linux-gnu/libpthread-2.31.so
7fe102bdb000-7fe102bec000 r-xp 00007000 ca:01 3431                       /usr/lib/x86_64-linux-gnu/libpthread-2.31.so
7fe102bec000-7fe102bf1000 r--p 00018000 ca:01 3431                       /usr/lib/x86_64-linux-gnu/libpthread-2.31.so
7fe102bf1000-7fe102bf2000 r--p 0001c000 ca:01 3431                       /usr/lib/x86_64-linux-gnu/libpthread-2.31.so
7fe102bf2000-7fe102bf3000 rw-p 0001d000 ca:01 3431                       /usr/lib/x86_64-linux-gnu/libpthread-2.31.so
7fe102bf3000-7fe102bf7000 rw-p 00000000 00:00 0 
7fe102bf7000-7fe102c06000 r-xp 00000000 ca:01 258410                     /usr/lib/jvm/java-16-oracle/lib/libjli.so
7fe102c06000-7fe102c07000 r--p 0000e000 ca:01 258410                     /usr/lib/jvm/java-16-oracle/lib/libjli.so
7fe102c07000-7fe102c08000 rw-p 0000f000 ca:01 258410                     /usr/lib/jvm/java-16-oracle/lib/libjli.so
7fe102c08000-7fe102c0a000 r--p 00000000 ca:01 4487                       /usr/lib/x86_64-linux-gnu/libz.so.1.2.11
7fe102c0a000-7fe102c1b000 r-xp 00002000 ca:01 4487                       /usr/lib/x86_64-linux-gnu/libz.so.1.2.11
7fe102c1b000-7fe102c21000 r--p 00013000 ca:01 4487                       /usr/lib/x86_64-linux-gnu/libz.so.1.2.11
7fe102c21000-7fe102c22000 ---p 00019000 ca:01 4487                       /usr/lib/x86_64-linux-gnu/libz.so.1.2.11
7fe102c22000-7fe102c23000 r--p 00019000 ca:01 4487                       /usr/lib/x86_64-linux-gnu/libz.so.1.2.11
7fe102c23000-7fe102c24000 rw-p 0001a000 ca:01 4487                       /usr/lib/x86_64-linux-gnu/libz.so.1.2.11
7fe102c24000-7fe102c26000 rw-p 00000000 00:00 0 
7fe102c2c000-7fe102c2d000 ---p 00000000 00:00 0 
7fe102c2d000-7fe102c2e000 r--p 00000000 00:00 0 
7fe102c2e000-7fe102c2f000 r--p 00000000 ca:01 3414                       /usr/lib/x86_64-linux-gnu/ld-2.31.so
7fe102c2f000-7fe102c52000 r-xp 00001000 ca:01 3414                       /usr/lib/x86_64-linux-gnu/ld-2.31.so
7fe102c52000-7fe102c5a000 r--p 00024000 ca:01 3414                       /usr/lib/x86_64-linux-gnu/ld-2.31.so
7fe102c5a000-7fe102c5b000 ---p 00000000 00:00 0 
7fe102c5b000-7fe102c5c000 r--p 0002c000 ca:01 3414                       /usr/lib/x86_64-linux-gnu/ld-2.31.so
7fe102c5c000-7fe102c5d000 rw-p 0002d000 ca:01 3414                       /usr/lib/x86_64-linux-gnu/ld-2.31.so
7fe102c5d000-7fe102c5e000 rw-p 00000000 00:00 0 
7ffe88fe1000-7ffe89002000 rw-p 00000000 00:00 0                          [stack]
7ffe89109000-7ffe8910c000 r--p 00000000 00:00 0                          [vvar]
7ffe8910c000-7ffe8910d000 r-xp 00000000 00:00 0                          [vdso]
ffffffffff600000-ffffffffff601000 --xp 00000000 00:00 0                  [vsyscall]


VM Arguments:
jvm_args: -Xmx4G -Xms4G 
java_command: mcserver.jar nogui
java_class_path (initial): mcserver.jar
Launcher Type: SUN_STANDARD

[Global flags]
     intx CICompilerCount                          = 2                                         {product} {ergonomic}
     uint ConcGCThreads                            = 1                                         {product} {ergonomic}
     uint G1ConcRefinementThreads                  = 2                                         {product} {ergonomic}
   size_t G1HeapRegionSize                         = 2097152                                   {product} {ergonomic}
    uintx GCDrainStackTargetSize                   = 64                                        {product} {ergonomic}
   size_t InitialHeapSize                          = 4294967296                                {product} {command line}
   size_t MarkStackSize                            = 4194304                                   {product} {ergonomic}
   size_t MaxHeapSize                              = 4294967296                                {product} {command line}
   size_t MinHeapDeltaBytes                        = 2097152                                   {product} {ergonomic}
   size_t MinHeapSize                              = 4294967296                                {product} {command line}
    uintx NonNMethodCodeHeapSize                   = 5826188                                {pd product} {ergonomic}
    uintx NonProfiledCodeHeapSize                  = 122916026                              {pd product} {ergonomic}
    uintx ProfiledCodeHeapSize                     = 122916026                              {pd product} {ergonomic}
    uintx ReservedCodeCacheSize                    = 251658240                              {pd product} {ergonomic}
     bool SegmentedCodeCache                       = true                                      {product} {ergonomic}
   size_t SoftMaxHeapSize                          = 4294967296                             {manageable} {ergonomic}
     bool UseCompressedClassPointers               = true                           {product lp64_product} {ergonomic}
     bool UseCompressedOops                        = true                           {product lp64_product} {ergonomic}
     bool UseG1GC                                  = true                                      {product} {ergonomic}

Logging:
Log output configuration:
 #0: stdout all=warning uptime,level,tags
 #1: stderr all=off uptime,level,tags

Environment Variables:
PATH=/usr/local/sbin:/usr/local/bin:/usr/sbin:/usr/bin:/sbin:/bin:/snap/bin
SHELL=/bin/bash
LANG=C.UTF-8

Signal Handlers:
SIGSEGV: [libjvm.so+0xdfef20], sa_mask[0]=11100100010111111101111111111110, sa_flags=SA_RESTART|SA_SIGINFO
SIGBUS: [libjvm.so+0xdfef20], sa_mask[0]=11100100010111111101111111111110, sa_flags=SA_RESTART|SA_SIGINFO
SIGFPE: [libjvm.so+0xdfef20], sa_mask[0]=11100100010111111101111111111110, sa_flags=SA_RESTART|SA_SIGINFO
SIGPIPE: [libjvm.so+0xca8980], sa_mask[0]=11100100010111111101111111111110, sa_flags=SA_RESTART|SA_SIGINFO
SIGXFSZ: [libjvm.so+0xca8980], sa_mask[0]=11100100010111111101111111111110, sa_flags=SA_RESTART|SA_SIGINFO
SIGILL: [libjvm.so+0xdfef20], sa_mask[0]=11100100010111111101111111111110, sa_flags=SA_RESTART|SA_SIGINFO
SIGUSR2: [libjvm.so+0xca8070], sa_mask[0]=00000000000000000000000000000000, sa_flags=SA_RESTART|SA_SIGINFO
SIGHUP: SIG_DFL, sa_mask[0]=00000000000000000000000000000000, sa_flags=none
SIGINT: SIG_DFL, sa_mask[0]=00000000000000000000000000000000, sa_flags=none
SIGTERM: SIG_DFL, sa_mask[0]=00000000000000000000000000000000, sa_flags=none
SIGQUIT: SIG_DFL, sa_mask[0]=00000000000000000000000000000000, sa_flags=none
SIGTRAP: [libjvm.so+0xdfef20], sa_mask[0]=11100100010111111101111111111110, sa_flags=SA_RESTART|SA_SIGINFO


---------------  S Y S T E M  ---------------

OS:
DISTRIB_ID=Ubuntu
DISTRIB_RELEASE=20.04
DISTRIB_CODENAME=focal
DISTRIB_DESCRIPTION="Ubuntu 20.04 LTS"
uname: Linux 5.4.0-1018-aws #18-Ubuntu SMP Wed Jun 24 01:15:00 UTC 2020 x86_64
OS uptime: 0 days 0:07 hours
libc: glibc 2.31 NPTL 2.31 
rlimit (soft/hard): STACK 8192k/infinity , CORE 0k/infinity , NPROC 15702/15702 , NOFILE 1048576/1048576 , AS infinity/infinity , CPU infinity/infinity , DATA infinity/infinity , FSIZE infinity/infinity , MEMLOCK 65536k/65536k
load average: 0.36 0.28 0.14

/proc/meminfo:
MemTotal:        4028180 kB
MemFree:         2039548 kB
MemAvailable:    3593256 kB
Buffers:           77544 kB
Cached:          1645472 kB
SwapCached:            0 kB
Active:           737676 kB
Inactive:        1071924 kB
Active(anon):      94944 kB
Inactive(anon):      164 kB
Active(file):     642732 kB
Inactive(file):  1071760 kB
Unevictable:       18512 kB
Mlocked:           18512 kB
SwapTotal:             0 kB
SwapFree:              0 kB
Dirty:               324 kB
Writeback:             0 kB
AnonPages:        105192 kB
Mapped:            88116 kB
Shmem:               804 kB
KReclaimable:      82564 kB
Slab:             136140 kB
SReclaimable:      82564 kB
SUnreclaim:        53576 kB
KernelStack:        2600 kB
PageTables:         2064 kB
NFS_Unstable:          0 kB
Bounce:                0 kB
WritebackTmp:          0 kB
CommitLimit:     2014088 kB
Committed_AS:     626056 kB
VmallocTotal:   34359738367 kB
VmallocUsed:        6068 kB
VmallocChunk:          0 kB
Percpu:            11712 kB
HardwareCorrupted:     0 kB
AnonHugePages:         0 kB
ShmemHugePages:        0 kB
ShmemPmdMapped:        0 kB
FileHugePages:         0 kB
FilePmdMapped:         0 kB
CmaTotal:              0 kB
CmaFree:               0 kB
HugePages_Total:       0
HugePages_Free:        0
HugePages_Rsvd:        0
HugePages_Surp:        0
Hugepagesize:       2048 kB
Hugetlb:               0 kB
DirectMap4k:       98304 kB
DirectMap2M:     4096000 kB

/sys/kernel/mm/transparent_hugepage/enabled: always [madvise] never
/sys/kernel/mm/transparent_hugepage/defrag (defrag/compaction efforts parameter): always defer defer+madvise [madvise] never

Process Memory:
Virtual Size: 856884K (peak: 5047452K)
Resident Set Size: 17872K (peak: 17872K) (anon: 5588K, file: 12284K, shmem: 0K)
Swapped out: 0K
C-Heap outstanding allocations: 709K

/proc/sys/kernel/threads-max (system-wide limit on the number of threads): 31405
/proc/sys/vm/max_map_count (maximum number of memory map areas a process may have): 65530
/proc/sys/kernel/pid_max (system-wide limit on number of process identifiers): 4194304

container (cgroup) information:
container_type: cgroupv1
cpu_cpuset_cpus: 0-1
cpu_memory_nodes: 0
active_processor_count: 2
cpu_quota: no quota
cpu_period: 100000
cpu_shares: no shares
memory_limit_in_bytes: unlimited
memory_and_swap_limit_in_bytes: not supported
memory_soft_limit_in_bytes: unlimited
memory_usage_in_bytes: 1232572416
memory_max_usage_in_bytes: 1571180544

Xen hardware-assisted virtualization detected
Steal ticks since vm start: 0
Steal ticks percentage since vm start:  0.000

CPU: total 2 (initial active 2) (2 cores per cpu, 1 threads per core) family 6 model 79 stepping 1 microcode 0xb000038, cx8, cmov, fxsr, mmx, sse, sse2, sse3, ssse3, sse4.1, sse4.2, popcnt, lzcnt, tsc, avx, avx2, aes, erms, clmul, bmi1, bmi2, fma, vzeroupper, clflush, hv
CPU Model and flags from /proc/cpuinfo:
model name	: Intel(R) Xeon(R) CPU E5-2686 v4 @ 2.30GHz
flags		: fpu vme de pse tsc msr pae mce cx8 apic sep mtrr pge mca cmov pat pse36 clflush mmx fxsr sse sse2 ht syscall nx rdtscp lm constant_tsc rep_good nopl xtopology cpuid pni pclmulqdq ssse3 fma cx16 pcid sse4_1 sse4_2 x2apic movbe popcnt tsc_deadline_timer aes xsave avx f16c rdrand hypervisor lahf_lm abm cpuid_fault invpcid_single pti fsgsbase bmi1 avx2 smep bmi2 erms invpcid xsaveopt

Online cpus: 0-1
Offline cpus: 2-14
BIOS frequency limitation: <Not Available>
Frequency switch latency (ns): <Not Available>
Available cpu frequencies: <Not Available>
Current governor: <Not Available>
Core performance/turbo boost: <Not Available>

Memory: 4k page, physical 4028180k(2039548k free), swap 0k(0k free)

vm_info: Java HotSpot(TM) 64-Bit Server VM (16.0.1+9-24) for linux-amd64 JRE (16.0.1+9-24), built on Mar 26 2021 18:11:45 by "mach5one" with gcc 10.2.0

END.
