[00:00:22] [Server thread/INFO]: ShiroWochiWu[/201.191.218.44:52323] logged in with entity id 78469 at (483.64036261167894, 68.0, 294.20315692947776)
[00:00:22] [Server thread/INFO]: ShiroWochiWu joined the game
[00:00:34] [Server thread/INFO]: <Lemaid12> Hola Shiro
[00:00:44] [Server thread/INFO]: <ShiroWochiWu> Buenas
[00:04:16] [Server thread/INFO]: ShiroWochiWu lost connection: Disconnected
[00:04:16] [Server thread/INFO]: ShiroWochiWu left the game
[00:11:53] [Server thread/INFO]: Lemaid12 lost connection: Disconnected
[00:11:53] [Server thread/INFO]: Lemaid12 left the game
[00:18:58] [Server thread/INFO]: Lemaid12[/190.224.137.119:54824] logged in with entity id 87441 at (346.91841277006165, 115.0, 323.0873702958255)
[00:18:58] [Server thread/INFO]: Lemaid12 joined the game
[00:32:36] [Server thread/WARN]: Mismatch in destroy block pos: gg{x=-87, y=67, z=1416} gg{x=-88, y=65, z=1416}
[00:34:12] [Server thread/INFO]: Bollas[/181.115.61.85:35770] logged in with entity id 96849 at (489.5, 68.0, 251.5)
[00:34:12] [Server thread/INFO]: Bollas joined the game
[00:34:32] [Server thread/INFO]: <Bollas> miloko ta lloviendo
[00:34:40] [Server thread/INFO]: <CrossReinhardt> ono
[00:34:44] [Server thread/INFO]: <Bollas> ontas shiro?
[00:34:49] [Server thread/INFO]: <CrossReinhardt> nota
[00:34:54] [Server thread/INFO]: <Lemaid12> No esta
[00:34:58] [Server thread/INFO]: <Lemaid12> Esta jugando lol
[00:34:59] [Server thread/INFO]: <Bollas> o
[00:37:22] [Server thread/INFO]: Bollas has made the advancement [Diamonds!]
[00:38:45] [Server thread/INFO]: Lemaid12 fell from a high place
[00:39:31] [Server thread/INFO]: CrossReinhardt has made the advancement [Take Aim]
[00:39:37] [Server thread/INFO]: <EsoJet> perro
[00:40:39] [Server thread/INFO]: <Lemaid12> Sale
[00:42:55] [Server thread/INFO]: <Lemaid12> la casa de banana
[00:44:04] [Server thread/INFO]: <EsoJet> lleva como 3 años nublados
[00:44:06] [Server thread/INFO]: <EsoJet> ah ya no
[00:44:18] [Server thread/INFO]: <Bollas> yet ya te robé todos tus diamantes
[00:44:24] [Server thread/INFO]: <EsoJet> quien eres tu
[00:44:29] [Server thread/INFO]: <Lemaid12> Quien sos?
[00:44:30] [Server thread/INFO]: <Bollas> soy eder eduardo
[00:44:32] [Server thread/INFO]: <EsoJet> noooo
[00:44:52] [Server thread/INFO]: <EsoJet> namas te vea eder eduardo
[00:44:52] [Server thread/INFO]: <Bollas> yet por que no vives en la villa peropapu?
[00:45:00] [Server thread/INFO]: <EsoJet> te voy a verguiar
[00:45:04] [Server thread/INFO]: <EsoJet> no se donde queda la villa peropapu
[00:45:08] [Server thread/INFO]: <EsoJet> solo se donde vive win
[00:45:15] [Server thread/INFO]: <Bollas> pasa tus coordenadas
[00:45:15] [Server thread/INFO]: <EsoJet> di con ella x el destino
[00:45:24] [Server thread/INFO]: <EsoJet> jajaja ay eder eduardo
[00:45:30] [Server thread/INFO]: <EsoJet> si te paso mis coordenadas
[00:45:34] [Server thread/INFO]: <EsoJet> no se de que serías capaz
[00:45:38] [Server thread/INFO]: <EsoJet> mejor pasame las tuyasd
[00:45:42] [Server thread/INFO]: <Bollas> o jel nou
[00:45:45] [Server thread/INFO]: <EsoJet> o jel iea
[00:45:55] [Server thread/INFO]: <EsoJet> mira
[00:45:57] [Server thread/INFO]: <EsoJet> para que sea justo
[00:46:01] [Server thread/INFO]: <EsoJet> nos vemos en la casa de win
[00:46:12] [Server thread/INFO]: <Bollas> donde es eso?
[00:46:16] [Server thread/INFO]: <EsoJet> ptm marmota
[00:46:20] [Server thread/INFO]: <EsoJet> como q no sabes
[00:46:26] [Server thread/INFO]: <Bollas> es k no he jugado mucho we
[00:46:37] [Server thread/INFO]: <EsoJet> ay gamota
[00:46:57] [Server thread/INFO]: <Bollas> uwu
[00:47:00] [Server thread/INFO]: <EsoJet> 0w0
[00:47:33] [Server thread/INFO]: <EsoJet> t voy a buscar
[00:47:42] [Server thread/INFO]: <Bollas> para q o q
[00:47:50] [Server thread/INFO]: <EsoJet> como q para q
[00:47:55] [Server thread/INFO]: <EsoJet> para rafagiarte eder eduardo
[00:47:59] [Server thread/INFO]: <Bollas> nooooo
[00:48:25] [Server thread/INFO]: <EsoJet> traigo el arco con el que mate al tio de rex
[00:48:38] [Server thread/INFO]: <Bollas> AYUDAAAAAAAA
[00:48:47] [Server thread/INFO]: <EsoJet> reconocería ese culote donde sea
[00:48:54] [Server thread/INFO]: <Bollas> noompampu
[00:48:55] [Server thread/INFO]: <EsoJet> le voy a dar un pinche lenguetazo
[00:49:33] [Server thread/INFO]: <EsoJet> nooooo se va a ser de noche
[00:49:38] [Server thread/INFO]: <Bollas> muaajjajaj
[00:49:41] [Server thread/INFO]: <Bollas> >:)
[00:51:42] [Server thread/INFO]: <EsoJet> chamlem mem permdim
[00:52:08] [Server thread/INFO]: <Bollas> ja se lo merese por sorra
[00:52:10] [Server thread/INFO]: <Bollas> Bv
[00:52:18] [Server thread/INFO]: <EsoJet> :(
[00:52:29] [Server thread/INFO]: <EsoJet> e wei detras de ti
[00:52:35] [Server thread/INFO]: <EsoJet> aaaaaaa si volteaste
[00:52:38] [Server thread/INFO]: <EsoJet> troleadisimo
[00:52:39] [Server thread/INFO]: <Bollas> NOOOOOOOO
[00:52:44] [Server thread/INFO]: <Bollas> NOMPUEMDEMSERM
[00:52:56] [Server thread/INFO]: <Bollas> no me recuperaré de tal humilación
[00:53:04] [Server thread/INFO]: <EsoJet> no te preocupes
[00:53:10] [Server thread/INFO]: <EsoJet> ya le tome captura para que no lo olvides Bv
[00:53:18] [Server thread/INFO]: Villager bjq['Nitwit'/110292, l='ServerLevel[world]', x=-690.40, y=62.94, z=294.30] died, message: 'Nitwit was slain by Zombie'
[00:53:29] [Server thread/INFO]: <Bollas> a ver
[00:53:34] [Server thread/INFO]: <EsoJet> al cine
[00:53:39] [Server thread/INFO]: <EsoJet> van 2
[00:53:43] [Server thread/INFO]: <EsoJet> a la 3 te quito la vida
[00:53:56] [Server thread/INFO]: <Bollas> a la 3 me chupas la pijajaaj
[00:53:59] [Server thread/INFO]: <EsoJet> nooooooo
[00:54:26] [Server thread/INFO]: <EsoJet> jajaja oie amigo, si fue una broma xq estoy llorando
[00:54:33] [Server thread/INFO]: <EsoJet> ???????????????????????????????????
[00:54:36] [Server thread/INFO]: <Bollas> no c
[00:56:01] [Server thread/INFO]: <EsoJet> xingaste gamota
[00:56:07] [Server thread/INFO]: <EsoJet> ya me encontre una pocion de rapidez
[00:56:19] [Server thread/INFO]: <Bollas> no mames encontré un pasadiso secreto
[00:56:33] [Server thread/INFO]: <EsoJet> donde
[00:56:39] [Server thread/INFO]: <Bollas> no te puedo decir
[00:56:56] [Server thread/INFO]: <EsoJet> q habia en la entrada del pasadizo
[00:57:03] [Server thread/INFO]: <Bollas> antorchas
[00:57:10] [Server thread/INFO]: <EsoJet> q mas
[00:57:14] [Server thread/INFO]: <Bollas> NOOOO
[00:57:20] [Server thread/INFO]: <EsoJet> habia un rectangulo negro???
[00:57:21] [Server thread/INFO]: <Bollas> TERMINE EN LA ENTRADA DE LA MINA
[00:57:23] [Server thread/INFO]: <Bollas> OTRA VEZ
[00:57:29] [Server thread/INFO]: <Lemaid12> AJJAJAJAJAJAJA
[00:57:30] [Server thread/INFO]: <EsoJet> o jel iea
[00:57:37] [Server thread/INFO]: <EsoJet> obtienes lo q putas mereces eder eduardo
[00:57:43] [Server thread/INFO]: <Bollas> y yo que hice mal
[00:58:10] [Server thread/INFO]: <EsoJet> te metiste con el papy equivocado Bv
[00:58:18] [Server thread/INFO]: <EsoJet> nooo escribi papy
[00:58:22] [Server thread/INFO]: <EsoJet> me he vuelto a humillar
[00:58:23] [Server thread/INFO]: <Bollas> hmm
[00:59:21] [Server thread/INFO]: <Bollas> wotefok por que hay tanta tierra en la capa 11
[01:02:48] [Server thread/INFO]: <EsoJet> ya te voy a encontrar
[01:02:59] [Server thread/INFO]: <Bollas> voy a llamar a la policia
[01:04:35] [Server thread/INFO]: <EsoJet> si hablales
[01:04:38] [Server thread/INFO]: <EsoJet> diles que me perdi alv
[01:06:51] [Server thread/INFO]: <EsoJet> vrga donde estoy
[01:06:57] [Server thread/INFO]: <Bollas> en mi vrga muajajaj
[01:07:19] [Server thread/INFO]: <EsoJet> >:/
[01:07:22] [Server thread/INFO]: <EsoJet> :0
[01:07:24] [Server thread/INFO]: <EsoJet> uwu
[01:07:25] [Server thread/INFO]: <Bollas> wtf hay unos militares afuera de mi ksa
[01:07:25] [Server thread/INFO]: <EsoJet> 0w0
[01:07:37] [Server thread/INFO]: <EsoJet> jajaja despidete carnal
[01:07:41] [Server thread/INFO]: <EsoJet> t metiste con el comandante 40
[01:07:46] [Server thread/INFO]: <EsoJet> ahora la bebes o la derramas
[01:07:47] [Server thread/INFO]: <Bollas> NO
[01:07:50] [Server thread/INFO]: <Bollas> AAAA
[01:08:14] [Server thread/INFO]: <EsoJet> o jel iea
[01:10:15] [Server thread/INFO]: <EsoJet> no sabía q eras peropapu gamota
[01:10:24] [Server thread/INFO]: <Bollas> la vida está llena de sorpresas
[01:10:56] [Server thread/INFO]: <EsoJet> como vrgas llega otra vez a mi aldea
[01:11:02] [Server thread/INFO]: <EsoJet> si iba pal sur
[01:11:09] [Server thread/INFO]: <Bollas> caminando ejejje
[01:11:43] [Server thread/WARN]: Mismatch in destroy block pos: gg{x=604, y=37, z=323} gg{x=604, y=37, z=320}
[01:12:21] [Server thread/INFO]: StrapsAlbein[/187.190.179.225:10103] logged in with entity id 123556 at (338.88052692129475, 70.0, 198.54320650485)
[01:12:21] [Server thread/INFO]: StrapsAlbein joined the game
[01:12:28] [Server thread/INFO]: <EsoJet> eee leo
[01:12:30] [Server thread/INFO]: <Lemaid12> Hola Leo
[01:12:32] [Server thread/INFO]: <EsoJet> me anda molestando el gamota
[01:12:35] [Server thread/INFO]: <StrapsAlbein> hola chicos
[01:12:36] [Server thread/INFO]: <Bollas> no es cierto
[01:12:38] [Server thread/INFO]: <EsoJet> si es cierto
[01:12:48] [Server thread/INFO]: <StrapsAlbein> q te anda diciendo gamota?
[01:12:54] [Server thread/INFO]: <EsoJet> que me vaya a la verga
[01:12:58] [Server thread/INFO]: <Bollas> MENTIRA
[01:12:58] [Server thread/INFO]: <EsoJet> que me va a matar
[01:13:01] [Server thread/INFO]: <EsoJet> que soy un pendejo
[01:13:04] [Server thread/INFO]: <Bollas> no le hagas caso
[01:13:06] [Server thread/INFO]: <EsoJet> que me va a robar los renders
[01:13:15] [Server thread/INFO]: <EsoJet> que el mato al tio rober
[01:13:18] [Server thread/INFO]: <Bollas> a eso se le llaman calumnias
[01:13:23] [Server thread/INFO]: <Bollas> te voy a denunciar como el dalas
[01:13:42] [Server thread/INFO]: <StrapsAlbein> no mames
[01:13:45] [Server thread/INFO]: <EsoJet> se acabo tu teatro marmota
[01:13:50] [Server thread/INFO]: <EsoJet> estás acabado
[01:13:51] [Server thread/INFO]: <StrapsAlbein> con don rober no
[01:13:52] [Server thread/INFO]: <Bollas> voy a hacer un video
[01:13:56] [Server thread/INFO]: <Bollas> Así es Eso Jet
[01:13:58] [Server thread/INFO]: <CrossReinhardt> a
[01:13:59] [Server thread/INFO]: <StrapsAlbein> como te atrevez a hacerle eso
[01:14:12] [Server thread/INFO]: <EsoJet> a mi no me interesa ver tus videos de como girar una imagen en el after effects
[01:14:15] [Server thread/INFO]: <EsoJet> la gente sabe la verdad
[01:14:19] [Server thread/INFO]: <EsoJet> la gente vio lo que paso
[01:14:35] [Server thread/INFO]: <EsoJet> la gente sabe que tipo de ser eres marmota
[01:14:40] [Server thread/INFO]: <Bollas> basta de mentiras
[01:14:51] [Server thread/INFO]: <EsoJet> basta de abusos más bien
[01:15:10] [Server thread/INFO]: <EsoJet> le voy a decir a bolly lo que dijiste de el
[01:15:17] [Server thread/INFO]: <Bollas> dile lo que quieras
[01:16:01] [Server thread/INFO]: <EsoJet> r
[01:16:56] [Server thread/INFO]: <StrapsAlbein> iet
[01:17:06] [Server thread/INFO]: <EsoJet> que paso
[01:17:10] [Server thread/INFO]: <Bollas> we necesito refugio
[01:17:14] [Server thread/INFO]: <Bollas> yet me mandó a sus soldados
[01:17:18] [Server thread/INFO]: <CrossReinhardt> q
[01:17:25] [Server thread/INFO]: <Bollas> casi me matan sus militares
[01:17:27] [Server thread/INFO]: <EsoJet> son del cartel sinaloa nueva generacion
[01:17:30] [Server thread/INFO]: <CrossReinhardt> wat
[01:17:46] [Server thread/INFO]: <Bollas> necesito recobrar energias y volver al dia siguiente
[01:17:51] [Server thread/INFO]: <Bollas> para contra atacarf
[01:17:55] [Server thread/INFO]: <StrapsAlbein> iet onde esta tu casa?
[01:18:00] [Server thread/INFO]: <EsoJet> donde esta la tuya
[01:18:15] [Server thread/INFO]: <Bollas> ya casi amanece
[01:18:16] [Server thread/INFO]: <StrapsAlbein> ubicas el pueblucho de bnnana?¡
[01:18:19] [Server thread/INFO]: <Bollas> preparate yet
[01:18:20] [Server thread/INFO]: <EsoJet> no
[01:18:26] [Server thread/INFO]: <EsoJet> es que ocupo ir bolly
[01:18:27] [Server thread/INFO]: <StrapsAlbein> verga
[01:18:30] [Server thread/INFO]: <EsoJet> para encargarme de alguien
[01:18:31] [Server thread/INFO]: <Bollas> no podras escapar por siempre
[01:18:36] [Server thread/INFO]: <StrapsAlbein> donde andas tu?
[01:18:40] [Server thread/INFO]: <EsoJet> donde andas tu
[01:18:46] [Server thread/INFO]: <EsoJet> no puedo dar mi ubicacion al aire
[01:18:49] [Server thread/INFO]: <Bollas> es una trampa leo
[01:18:51] [Server thread/INFO]: <EsoJet> cuando todos quieren mi cabeza leo
[01:18:53] [Server thread/INFO]: <Bollas> quiere que le des tu ubicacion
[01:18:56] [Server thread/INFO]: <Bollas> para bombardear tu casa
[01:19:04] [Server thread/INFO]: <EsoJet> leo,
[01:19:07] [Server thread/INFO]: <EsoJet> yo te haría algo?
[01:19:07] [Server thread/INFO]: <Bollas> y luego cambiara el nombre del server de la casa gamer
[01:19:08] [Server thread/INFO]: <StrapsAlbein> pero el primo no me haria nada
[01:19:11] [Server thread/INFO]: <EsoJet> a mi primo, a mi sangre?
[01:19:11] [Server thread/INFO]: <Bollas> y le pondrpa
[01:19:13] [Server thread/INFO]: <Bollas> le va a poner
[01:19:16] [Server thread/INFO]: <Bollas> casa de leo
[01:19:18] [Server thread/INFO]: <EsoJet> no le creas a este delincuente
[01:19:20] [Server thread/INFO]: <Bollas> con una foto de tu casa destruida
[01:19:47] [Server thread/INFO]: <Bollas> no le confies tu direccion a yet
[01:19:56] [Server thread/INFO]: <Bollas> yo se la clase de cosas que jet hace
[01:20:00] [Server thread/INFO]: <Bollas> con las casas ajenas
[01:20:01] [Server thread/INFO]: <EsoJet> uwu
[01:20:27] [Server thread/INFO]: <EsoJet> leo xfavor
[01:20:33] [Server thread/INFO]: <Bollas> LEO
[01:20:37] [Server thread/INFO]: <Bollas> DEBEMOS ALIARNOS
[01:20:39] [Server thread/INFO]: <EsoJet> leo te voy a llevar carne
[01:20:40] [Server thread/INFO]: <Bollas> JET VENDRÁ PRONTO
[01:20:46] [Server thread/INFO]: <StrapsAlbein> bolly
[01:20:48] [Server thread/INFO]: <Bollas> DICE QUE NOS VA A MATAR A LOS 2
[01:20:53] [Server thread/INFO]: <Bollas> ANTES DE QUE VINIERAS
[01:20:54] [Server thread/INFO]: <EsoJet> BOLLY???!
[01:20:56] [Server thread/INFO]: <StrapsAlbein> no me puedo poner de lado de ninguno
[01:20:57] [Server thread/INFO]: <Bollas> ME ANDABA AMENAZANDO
[01:21:11] [Server thread/INFO]: <Bollas> amigi
[01:21:13] [Server thread/INFO]: <Bollas> amigo
[01:21:24] [Server thread/INFO]: <Bollas> debemos conseguir diamantes
[01:21:28] [Server thread/INFO]: <EsoJet> leo
[01:21:28] [Server thread/INFO]: <StrapsAlbein> me esoy asustando
[01:21:30] [Server thread/INFO]: <Bollas> para prepararnos para la guerra
[01:21:33] [Server thread/INFO]: <EsoJet> yo le dije a win que te diera el 1 lugar
[01:21:42] [Server thread/INFO]: <Bollas> solo hay una forma de resolver los problemas entre yet y yo
[01:21:45] [Server thread/INFO]: <EsoJet> mira leo, si me dices donde estas
[01:21:47] [Server thread/INFO]: <EsoJet> te doy 3 diamantes
[01:21:51] [Server thread/INFO]: <Bollas> LEO NO LE DIGAS
[01:21:55] [Server thread/INFO]: <EsoJet> te doy
[01:21:58] [Server thread/INFO]: <Bollas> LEO YO TENGO 4 DIAMANTES
[01:21:59] [Server thread/INFO]: <EsoJet> 30 diamantes
[01:22:01] [Server thread/INFO]: <Bollas> 40
[01:22:03] [Server thread/INFO]: <EsoJet> 50
[01:22:07] [Server thread/INFO]: <Bollas> 50
[01:22:07] [Server thread/INFO]: <EsoJet> 60
[01:22:09] [Server thread/INFO]: <Bollas> 90
[01:22:12] [Server thread/INFO]: <EsoJet> 91
[01:22:15] [Server thread/INFO]: <Bollas> 92
[01:22:20] [Server thread/INFO]: <EsoJet> 93 Y UNA CARNE
[01:22:27] [Server thread/INFO]: <EsoJet> LEO SOMOS FAMILIA
[01:22:31] [Server thread/INFO]: <EsoJet> DIME DONDE ESTAS
[01:22:32] [Server thread/INFO]: <StrapsAlbein> iet
[01:22:36] [Server thread/INFO]: <Bollas> TE DOY UN 96 Y UNA GARANTIA DE NO VOLVER A HACERTE UN CARS
[01:22:46] [Server thread/INFO]: <EsoJet> NO LE CREAS LEO
[01:22:51] [Server thread/INFO]: <StrapsAlbein> recuerdas el spawn?
[01:22:57] [Server thread/INFO]: <EsoJet> SI
[01:23:00] [Server thread/INFO]: <Bollas> NOOO LEO
[01:23:03] [Server thread/INFO]: <EsoJet> SII
[01:23:05] [Server thread/INFO]: <StrapsAlbein> te beo ahi
[01:23:05] [Server thread/INFO]: <Bollas> TE ESTAS EXPONIENDO
[01:23:22] [Server thread/INFO]: <Bollas> LEO
[01:23:26] [Server thread/INFO]: <Bollas> MIRA EL SERVER DE LA CASA GAMER
[01:23:30] [Server thread/INFO]: <Bollas> MIRA EL NOMBRE Y LA FOTO
[01:23:35] [Server thread/INFO]: <Bollas> ASI VAS A TERMINAR TU
[01:23:39] [Server thread/INFO]: <Bollas> SI LE DAS LA DIRECCION
[01:23:47] [Server thread/INFO]: <StrapsAlbein> boli
[01:23:51] [Server thread/INFO]: <Bollas> VAS A SER EXPUESTO
[01:23:52] [Server thread/INFO]: <StrapsAlbein> me has echo musho daño
[01:23:56] [Server thread/INFO]: <EsoJet> ese no es bolly leo
[01:24:00] [Server thread/INFO]: <Bollas> dejame redimirme leo
[01:24:00] [Server thread/INFO]: <EsoJet> es gamota
[01:24:03] [Server thread/INFO]: <Bollas> nooo
[01:24:07] [Server thread/INFO]: <Bollas> era una trampa jet
[01:24:13] [Server thread/INFO]: <Bollas> tenia que proteger mi identidad
[01:24:15] [Server thread/INFO]: <Bollas> contra ti
[01:24:28] [Server thread/INFO]: <Bollas> porque tu haces cosas con los nombres y las direcciones de amazon
[01:24:32] [Server thread/INFO]: <EsoJet> con mas ganas xq tienes mis renders
[01:24:39] [Server thread/INFO]: <EsoJet> q pase de buena fe
[01:24:40] [Server thread/INFO]: <EsoJet> ahora
[01:24:44] [Server thread/INFO]: <EsoJet> ya mecanse de ser buena onda
[01:25:22] [Server thread/INFO]: <Bollas> leo donde estas
[01:25:33] [Server thread/INFO]: <StrapsAlbein> En la aldea del principio
[01:25:34] [Server thread/INFO]: <EsoJet> no le digas leo
[01:25:37] [Server thread/INFO]: <EsoJet> te va a sesinar
[01:25:40] [Server thread/INFO]: <Bollas> ya estuve con leo
[01:25:42] [Server thread/INFO]: <Bollas> y no lo mate
[01:25:47] [Server thread/INFO]: <Bollas> no soy como tu
[01:25:55] [Server thread/INFO]: <EsoJet> leo
[01:26:00] [Server thread/INFO]: <EsoJet> el me dijo q te iba a hacer un hulk
[01:26:04] [Server thread/INFO]: <Bollas> XDDDDDDDDDDD
[01:26:05] [Server thread/INFO]: <Bollas> NO ES CIERTO
[01:26:07] [Server thread/INFO]: <EsoJet> me enseño su animacion
[01:26:09] [Server thread/INFO]: <EsoJet> ya la tiene hecha
[01:26:14] [Server thread/INFO]: <Bollas> NO LE HAGAS CASO LEO
[01:26:17] [Server thread/INFO]: <Bollas> EL ES UN MANIPULADOR
[01:26:18] [Server thread/INFO]: <Bollas> DOXEADOR
[01:26:21] [Server thread/INFO]: <EsoJet> SALIO EN DISNEY XD LOCO
[01:26:23] [Server thread/INFO]: <EsoJet> YO LA VI AYER
[01:26:52] [Server thread/INFO]: <CrossReinhardt> semen de araña
[01:27:35] [Server thread/INFO]: <StrapsAlbein> iet
[01:27:38] [Server thread/INFO]: <EsoJet> q paso
[01:27:43] [Server thread/INFO]: <StrapsAlbein> ven al pueblito
[01:27:49] [Server thread/INFO]: <EsoJet> voy
[01:27:53] [Server thread/INFO]: <Bollas> es hora de terminar esto
[01:27:56] [Server thread/INFO]: <EsoJet> llevo todo este rato corriendo
[01:28:13] [Server thread/INFO]: <EsoJet> ya llevo el pago
[01:28:18] [Server thread/INFO]: <Lemaid12> Fui yo
[01:28:31] [Server thread/INFO]: <EsoJet> tu tambien vas a morir
[01:28:33] [Server thread/INFO]: CrossReinhardt has made the advancement [The Parrots and the Bats]
[01:28:36] [Server thread/INFO]: <Lemaid12> Entrale puto
[01:28:38] [Server thread/INFO]: <Lemaid12> Te voy a suicidar
[01:28:55] [Server thread/INFO]: <EsoJet> te voy a rapar la pelona
[01:28:55] [Server thread/INFO]: <StrapsAlbein> oye rebe
[01:29:03] [Server thread/INFO]: <Lemaid12> Que pasa?
[01:29:07] [Server thread/INFO]: Bollas has made the advancement [Enchanter]
[01:29:11] [Server thread/INFO]: <StrapsAlbein> porke es el 12?
[01:29:12] [Server thread/INFO]: <EsoJet> noooo
[01:29:16] [Server thread/INFO]: <EsoJet> COMO Q MAGO
[01:29:19] [Server thread/INFO]: <Lemaid12> El dia de mi cumpleaños
[01:29:20] [Server thread/INFO]: <Bollas> ve preparando el culo jet
[01:29:25] [Server thread/INFO]: <Bollas> me estoy chetando
[01:29:27] [Server thread/INFO]: <Bollas> para nuestro encuentro
[01:29:29] [Server thread/INFO]: <StrapsAlbein> feliz cumpleaños
[01:29:34] [Server thread/INFO]: <Lemaid12> Gracias Leo
[01:29:38] [Server thread/INFO]: <Lemaid12> Feliz cumpleaños
[01:29:50] [Server thread/INFO]: <StrapsAlbein> gracias rebe
[01:31:49] [Server thread/INFO]: <EsoJet> donde estas leo
[01:32:30] [Server thread/INFO]: <StrapsAlbein> sigo aki en el pueblo
[01:32:43] [Server thread/INFO]: <EsoJet> no t veo
[01:33:21] [Server thread/INFO]: N_e_r_o_z[/179.40.118.1:65082] logged in with entity id 140660 at (1215.287245836225, 64.0, 1660.5821133020172)
[01:33:21] [Server thread/INFO]: N_e_r_o_z joined the game
[01:33:23] [Server thread/INFO]: <StrapsAlbein> ando en el pueblo q tiene madera naranja
[01:33:36] [Server thread/INFO]: <EsoJet> pero en q edificio
[01:34:10] [Server thread/INFO]: <StrapsAlbein> busca la casa q esta mas cerca del mar
[01:34:46] [Server thread/INFO]: StrapsAlbein was slain by Iron Golem
[01:34:51] [Server thread/INFO]: <EsoJet> estoy en una que tiene un letrero que dice hola senpai
[01:34:53] [Server thread/INFO]: <EsoJet> NOO LEO
[01:34:54] [Server thread/INFO]: <Lemaid12> Habia que pedir permiso para usar el portal?
[01:34:57] [Server thread/INFO]: <EsoJet> BOLY TE MANDO A MATAR
[01:35:03] [Server thread/INFO]: <Bollas> de k ablas we
[01:35:07] [Server thread/INFO]: <Bollas> yo ando haciendo mi casita
[01:35:23] [Server thread/INFO]: <EsoJet> claramente mandaste un golem
[01:35:29] [Server thread/INFO]: <EsoJet> para matarlo y evitar la reunion
[01:35:30] [Server thread/INFO]: <Bollas> pruebalo
[01:35:57] [Server thread/INFO]: <StrapsAlbein> iet
[01:36:00] [Server thread/INFO]: <EsoJet> q paso
[01:36:08] [Server thread/INFO]: <StrapsAlbein> no se en donde es eso
[01:36:12] [Server thread/INFO]: <StrapsAlbein> ve almar
[01:36:20] [Server thread/INFO]: <EsoJet> estoy enfrente de una casa q dice
[01:36:22] [Server thread/INFO]: <EsoJet> T
[01:36:30] [Server thread/INFO]: <EsoJet> Cueva Magina del Win Mordefic
[01:37:03] [Server thread/INFO]: <StrapsAlbein> iet
[01:37:11] [Server thread/INFO]: <StrapsAlbein> hice una torre
[01:37:19] [Server thread/INFO]: <StrapsAlbein> seguro asi m bes
[01:37:33] [Server thread/INFO]: <EsoJet> seguro q si es la aldea del spawn
[01:37:39] [Server thread/INFO]: <StrapsAlbein> siii
[01:37:54] [Server thread/INFO]: <StrapsAlbein> amenos de ke haya otra aldea
[01:37:58] [Server thread/INFO]: <StrapsAlbein> por el spawn
[01:39:02] [Server thread/INFO]: <EsoJet> QUE PASO
[01:39:08] [Server thread/INFO]: <EsoJet> AHORA SI
[01:39:13] [Server thread/INFO]: <Bollas> nooo
[01:39:26] [Server thread/INFO]: <EsoJet> ULTIMAS PALABRAS
[01:39:27] [Server thread/INFO]: <Bollas> CALMA
[01:39:29] [Server thread/INFO]: <EsoJet> A DAY TO REMAIN
[01:39:56] [Server thread/INFO]: Bollas lost connection: Disconnected
[01:39:56] [Server thread/INFO]: Bollas left the game
[01:41:36] [Server thread/INFO]: <Lemaid12> Jet
[01:41:42] [Server thread/INFO]: <Lemaid12> Sale lol?
[01:41:42] [Server thread/INFO]: <EsoJet> Q paso
[01:41:49] [Server thread/INFO]: <EsoJet> kien eres
[01:41:54] [Server thread/INFO]: <Lemaid12> Soy Lemaid12
[01:42:00] [Server thread/INFO]: <EsoJet> no t conozco
[01:42:06] [Server thread/INFO]: <StrapsAlbein> iet
[01:42:07] [Server thread/INFO]: <Lemaid12> Mucho gusto, soy Lemaid12
[01:42:09] [Server thread/INFO]: <Lemaid12> Ya me conoces
[01:42:12] [Server thread/INFO]: <StrapsAlbein> ven a la casa de cross
[01:42:15] [Server thread/INFO]: <EsoJet> hasta aqui llegaste
[01:42:15] [Server thread/INFO]: <N_e_r_o_z> q kieres
[01:42:16] [Server thread/INFO]: <StrapsAlbein> aki ando
[01:42:37] [Server thread/INFO]: <EsoJet> ten leo
[01:42:55] [Server thread/INFO]: <StrapsAlbein> muchas gracias jet
[01:43:01] [Server thread/INFO]: <EsoJet> se me escapo ese rufian
[01:43:02] [Server thread/INFO]: <StrapsAlbein> es la primera vez q veo diamante
[01:43:33] [Server thread/INFO]: <EsoJet> yo no juego lol
[01:43:39] [Server thread/INFO]: <EsoJet> a esta hora
[01:43:43] [Server thread/INFO]: <Lemaid12> Yo tampoco
[01:43:49] [Server thread/INFO]: <EsoJet> xq me da bajon
[01:43:53] [Server thread/INFO]: Bollas[/181.115.61.85:41161] logged in with entity id 148652 at (513.9072462614131, 63.0, 258.51538497866153)
[01:43:53] [Server thread/INFO]: Bollas joined the game
[01:43:55] [Server thread/INFO]: <EsoJet> en la madrugada
[01:43:56] [Server thread/INFO]: <StrapsAlbein> iet
[01:43:58] [Server thread/INFO]: <EsoJet> es la hora adecuada
[01:44:00] [Server thread/INFO]: <StrapsAlbein> sigueme
[01:44:00] [Server thread/INFO]: <EsoJet> permiteme
[01:44:03] [Server thread/INFO]: <Lemaid12> Bueno
[01:44:05] [Server thread/INFO]: <Lemaid12> Sale perso?
[01:44:16] [Server thread/INFO]: Bollas was shot by EsoJet
[01:44:24] [Server thread/INFO]: <Bollas> NOOO
[01:44:28] [Server thread/INFO]: <EsoJet> adios leo
[01:44:33] [Server thread/INFO]: <EsoJet> disfruta tu pago
[01:44:37] [Server thread/INFO]: <Bollas> nooooo
[01:44:41] [Server thread/INFO]: <EsoJet> que este dia
[01:44:45] [Server thread/INFO]: <EsoJet> la victoria ha sido mia
[01:44:51] [Server thread/INFO]: <EsoJet> Bv
[01:44:52] [Server thread/INFO]: <Bollas> nompuemdemserm
[01:46:13] [Server thread/INFO]: <EsoJet> esta va pa la casa gai
[01:46:18] [Server thread/INFO]: <EsoJet> pero como q eres dueño
[01:46:22] [Server thread/INFO]: <EsoJet> no se si es una victoria
[01:46:25] [Server thread/INFO]: <EsoJet> o una derrota
[01:46:27] [Server thread/INFO]: <Bollas> siuu
[01:46:34] [Server thread/INFO]: <Bollas> Bv
[01:46:37] [Server thread/INFO]: <Bollas> boli siempre gana
[01:46:47] [Server thread/INFO]: <EsoJet> leo
[01:46:50] [Server thread/INFO]: <EsoJet> si matas a bolly
[01:46:53] [Server thread/INFO]: <EsoJet> te doy otros diamantes
[01:47:05] [Server thread/INFO]: <Bollas> no le creas
[01:47:08] [Server thread/INFO]: <Bollas> quiere romper nuestros lazos
[01:47:10] [Server thread/INFO]: <Bollas> de amistad
[01:47:12] [Server thread/INFO]: <Bollas> de 10 años
[01:47:19] [Server thread/INFO]: <StrapsAlbein> iet no le puedo hacer eso a bolly
[01:47:22] [Server thread/INFO]: <EsoJet> leo
[01:47:26] [Server thread/INFO]: <StrapsAlbein> entiendo sus indiferencias
[01:47:33] [Server thread/INFO]: <Bollas> leo y yo nos conocemos desde la primaria
[01:47:38] [Server thread/INFO]: <StrapsAlbein> pero no puedo unirme al lado de ninguno
[01:47:40] [Server thread/INFO]: <EsoJet> leo y yo nos conocemos desde la incubadora
[01:47:47] [Server thread/INFO]: <Bollas> pendejo tu eres mayor
[01:47:48] [Server thread/INFO]: <StrapsAlbein> me mantendre neutral
[01:47:54] [Server thread/INFO]: <EsoJet> es que yo naci invitro
[01:48:16] [Server thread/INFO]: SunnyUsh[/177.246.223.36:62283] logged in with entity id 151082 at (-23.621872022201114, 88.0, 1440.3362622092613)
[01:48:16] [Server thread/INFO]: SunnyUsh joined the game
[01:48:20] [Server thread/INFO]: <EsoJet> Misaki
[01:48:22] [Server thread/INFO]: <EsoJet> hemos ganado
[01:48:23] [Server thread/WARN]: Lemaid12 moved too quickly! 10.16665259853447,0.8338907390617862,1.2214177987455628
[01:48:34] [Server thread/INFO]: <SunnyUsh> QUE GANAMOS
[01:48:36] [Server thread/INFO]: <SunnyUsh> QUE GANE
[01:48:38] [Server thread/INFO]: <Bollas> una verguiza
[01:48:40] [Server thread/INFO]: <SunnyUsh> WIN MORDEFIC
[01:48:44] [Server thread/INFO]: <SunnyUsh> JAJAJAJAJAJAJAJAJAJAJAJAA
[01:48:46] [Server thread/INFO]: <EsoJet> ese delincuente
[01:48:49] [Server thread/INFO]: <EsoJet> me ataco
[01:48:57] [Server thread/INFO]: <EsoJet> y me lo tuve q vrgiar
[01:49:08] [Server thread/INFO]: <SunnyUsh> Donde estas
[01:49:19] [Server thread/INFO]: <EsoJet> tu sabes
[01:49:20] [Server thread/INFO]: <EsoJet> jejejejej
[01:49:34] [Server thread/INFO]: <SunnyUsh> JAJAJAJAJAJ
[01:49:37] [Server thread/INFO]: <EsoJet> digamos q leo
[01:49:38] [Server thread/INFO]: <Lemaid12> Te voy a cortar las bolas Leo
[01:49:47] [Server thread/INFO]: <EsoJet> me ayudo a matar a bolly
[01:49:50] [Server thread/INFO]: <EsoJet> a cambio de un precio
[01:50:02] [Server thread/INFO]: <SunnyUsh> kual
[01:50:08] [Server thread/INFO]: <EsoJet> 3 diamantes
[01:50:17] [Server thread/INFO]: <SunnyUsh> estas hasta alla
[01:50:22] [Server thread/INFO]: <EsoJet> si
[01:50:27] [Server thread/INFO]: <EsoJet> dw
[01:50:37] [Server thread/INFO]: <SunnyUsh> boi
[01:50:42] [Server thread/INFO]: <EsoJet> no misaki
[01:50:44] [Server thread/INFO]: <EsoJet> es peligroso
[01:50:49] [Server thread/INFO]: <SunnyUsh> deja llevo huevos
[01:50:56] [Server thread/INFO]: <Lemaid12> Leo, donde estas?
[01:50:58] [Server thread/INFO]: <EsoJet> oooo
[01:51:00] [Server thread/INFO]: <EsoJet> si es cierto
[01:51:04] [Server thread/INFO]: <EsoJet> perame
[01:51:07] [Server thread/INFO]: <EsoJet> me sigues va
[01:51:28] [Server thread/INFO]: <StrapsAlbein> rebeka
[01:51:37] [Server thread/INFO]: <StrapsAlbein> plante de buelta
[01:51:41] [Server thread/INFO]: <EsoJet> vamos a atacar la aldea x orden del supremo
[01:51:45] [Server thread/INFO]: <StrapsAlbein> porfavor
[01:51:47] [Server thread/INFO]: StrapsAlbein was slain by Lemaid12
[01:51:58] [Server thread/INFO]: <EsoJet> ya empuje el ganado
[01:52:01] [Server thread/INFO]: <StrapsAlbein> yo te apresiaba rebe
[01:52:26] [Server thread/INFO]: <EsoJet> ya vamos misaki
[01:52:30] [Server thread/INFO]: Lemaid12 has made the advancement [Diamonds!]
[01:52:31] [Server thread/INFO]: <EsoJet> hay que atacar en el sigilo
[01:53:01] [Server thread/INFO]: <SunnyUsh> dja agarro comida
[01:53:04] [Server thread/INFO]: <EsoJet> ay q vengar a toñito
[01:53:07] [Server thread/INFO]: <N_e_r_o_z> oie jet
[01:53:11] [Server thread/INFO]: <EsoJet> q paso
[01:53:22] [Server thread/INFO]: <N_e_r_o_z> ven a la aldea de banana
[01:53:26] [Server thread/INFO]: <N_e_r_o_z> t quiero dar algo
[01:53:35] [Server thread/INFO]: <EsoJet> se q es una trampa
[01:53:39] [Server thread/INFO]: <Lemaid12> Ah gracias por los diamantes Leo
[01:53:40] [Server thread/INFO]: <N_e_r_o_z> ??
[01:53:56] [Server thread/INFO]: <N_e_r_o_z> jet acaso no confias en mi?
[01:54:01] [Server thread/INFO]: <EsoJet> o jel iea
[01:54:36] [Server thread/INFO]: <N_e_r_o_z> peror xk seria una trampa?
[01:54:41] [Server thread/INFO]: StrapsAlbein fell from a high place
[01:54:46] [Server thread/INFO]: <CrossReinhardt> ????????
[01:55:36] [Server thread/INFO]: <EsoJet> pera misaki
[01:55:38] [Server thread/INFO]: <EsoJet> mira privado
[01:55:52] [Server thread/INFO]: <SunnyUsh> voi
[01:56:06] [Server thread/INFO]: <SunnyUsh> awww
[01:56:13] [Server thread/INFO]: <Lemaid12> JAJAJAJAJAJJAJAJAJAJA
[01:56:31] [Server thread/INFO]: <EsoJet> aver perame
[01:56:36] [Server thread/INFO]: <SunnyUsh> llos amigos si existen
[01:57:00] [Server thread/INFO]: <Lemaid12> AJJAJAJAJAJAJJAJAJAJJAJAJAJA
[01:57:44] [Server thread/INFO]: <StrapsAlbein> rebeka
[01:57:47] [Server thread/INFO]: <Lemaid12> Leo
[01:57:48] [Server thread/INFO]: <StrapsAlbein> pordemos hablar
[01:57:53] [Server thread/INFO]: <Lemaid12> Aber
[01:57:56] [Server thread/INFO]: <Lemaid12> Dime tus ultimas palabras
[01:57:56] [Server thread/INFO]: <StrapsAlbein> wacha
[01:58:03] [Server thread/INFO]: <EsoJet> ay voy
[01:58:12] [Server thread/INFO]: StrapsAlbein was slain by Lemaid12
[01:58:18] [Server thread/INFO]: <Lemaid12> JAAJJAJAJAJAJAJJAJAJAJAJAJAJJAJAJAJAJAJAJ
[01:58:26] [Server thread/INFO]: <Lemaid12> Si, claro
[01:58:28] [Server thread/INFO]: <Lemaid12> Ven
[01:59:11] [Server thread/INFO]: <SunnyUsh> k aces
[01:59:19] [Server thread/INFO]: <Lemaid12> Hola
[01:59:29] [Server thread/INFO]: <Lemaid12> Puede ser
[02:00:04] [Server thread/INFO]: <Lemaid12> Aber, sube
[02:00:36] [Server thread/INFO]: <Lemaid12> Alv
[02:00:45] [Server thread/INFO]: <Lemaid12> JAJAJAJJAJAJAJAJAJJAJAJAJA
[02:01:41] [Server thread/INFO]: <Lemaid12> Que es eso?
[02:01:49] [Server thread/INFO]: <Lemaid12> un ala?
[02:01:53] [Server thread/INFO]: <Lemaid12> un ala?
[02:01:55] [Server thread/INFO]: <Lemaid12> Para volar?
[02:02:01] [Server thread/INFO]: StrapsAlbein fell from a high place
[02:02:02] [Server thread/INFO]: <Lemaid12> Aber vuela
[02:02:05] [Server thread/INFO]: <Lemaid12> JAJAKSJSAKJKSJAKJSAJSAKJSAKJSAJKKJSAKJSAKJSAKJSJAJSAKJSA
[02:02:07] [Server thread/INFO]: <EsoJet> ay
[02:02:15] [Server thread/INFO]: BananaRB12[/177.248.160.108:13055] logged in with entity id 165631 at (1938.9532908500341, 64.0, -742.7694634732613)
[02:02:15] [Server thread/INFO]: BananaRB12 joined the game
[02:02:28] [Server thread/INFO]: There are 8 of a max of 18 players online: EsoJet, CrossReinhardt, Lemaid12, N_e_r_o_z, Bollas, SunnyUsh, StrapsAlbein, BananaRB12
[02:02:36] [Server thread/INFO]: <Lemaid12> Aber
[02:02:39] [Server thread/INFO]: <Lemaid12> Donde estas Leo?
[02:02:47] [Server thread/INFO]: <Lemaid12> JAJAJJAJAJAJAJJAJAJAJA
[02:03:05] [Server thread/INFO]: <Lemaid12> Tus alas?
[02:03:18] [Server thread/INFO]: BananaRB12 lost connection: Timed out
[02:03:18] [Server thread/INFO]: BananaRB12 left the game
[02:03:19] [Server thread/INFO]: BananaRB12[/177.248.160.108:51660] logged in with entity id 167032 at (1938.9532908500341, 64.0, -742.7694634732613)
[02:03:19] [Server thread/INFO]: BananaRB12 joined the game
[02:03:22] [Server thread/INFO]: <EsoJet> pera
[02:03:25] [Server thread/INFO]: <EsoJet> haay q guardar
[02:03:39] [Server thread/INFO]: <Lemaid12> Cuales eran tus cosas?
[02:03:47] [Server thread/INFO]: <Lemaid12> Ahi esta todo
[02:03:52] [Server thread/INFO]: <Lemaid12> Bye bye
[02:03:53] [Server thread/INFO]: <SunnyUsh> donde estas wey
[02:04:17] [Server thread/INFO]: <Lemaid12> Nah no creo
[02:04:26] [Server thread/INFO]: <Lemaid12> Tu crees?
[02:04:29] [Server thread/INFO]: <Lemaid12> ALV
[02:04:37] [Server thread/INFO]: <EsoJet> donde esta lo q me ibas a dar nero
[02:04:39] [Server thread/INFO]: <EsoJet> z
[02:05:05] [Server thread/INFO]: <Lemaid12> Los diamantes los tengo yo
[02:05:22] [Server thread/INFO]: <Lemaid12> De que lado estan ustedes?
[02:05:36] [Server thread/INFO]: <Lemaid12> Mira Leo
[02:05:40] [Server thread/INFO]: <Lemaid12> Ahora si ven
[02:05:43] [Server thread/INFO]: <Bollas> estamos siguiendo tus rastros jet
[02:05:53] [Server thread/INFO]: <EsoJet> xq q regalo me van a dar
[02:05:53] [Server thread/INFO]: <Lemaid12> Alv
[02:05:55] [Server thread/INFO]: StrapsAlbein fell from a high place
[02:05:55] [Server thread/INFO]: <Lemaid12> NOOOOOOOOOOOOOOOOOOOOOOO
[02:05:59] [Server thread/INFO]: <Lemaid12> AJASJJKSAKJSAJKSAKJKJSAKJSAKJSAKJSAJKSAJSAKSA
[02:06:03] [Server thread/INFO]: <Lemaid12> Te iba a dar los diamantes we
[02:06:04] [Server thread/INFO]: <SunnyUsh> venn
[02:06:15] [Server thread/INFO]: <EsoJet> q me van a dar
[02:06:23] [Server thread/INFO]: <Bollas> unas flores
[02:06:25] [Server thread/INFO]: <EsoJet> 0w0
[02:06:25] [Server thread/INFO]: <Bollas> para decorar
[02:06:28] [Server thread/INFO]: <BananaRB12> oa het
[02:06:32] [Server thread/INFO]: <BananaRB12> jet*
[02:06:35] [Server thread/INFO]: <EsoJet> ola cachondo
[02:06:46] [Server thread/INFO]: <Lemaid12> Leo
[02:06:47] [Server thread/INFO]: <Lemaid12> Ontas?
[02:06:56] [Server thread/INFO]: <EsoJet> eee ya denme lo que me quieren dar
[02:07:04] [Server thread/INFO]: <EsoJet> que es
[02:07:05] [Server thread/INFO]: <Lemaid12> Leo
[02:07:09] [Server thread/INFO]: <Lemaid12> Hagamos esto
[02:07:13] [Server thread/INFO]: <EsoJet> que tengo que ir a alimentar a mis pollitos
[02:07:13] [Server thread/INFO]: <Lemaid12> Te aviento tus cosas desde aqui
[02:07:38] [Server thread/INFO]: <Lemaid12> Supongo que no
[02:07:50] [Server thread/INFO]: <Lemaid12> Lo hacemos?
[02:07:57] [Server thread/INFO]: <Lemaid12> Te aviento tus cosas
[02:08:02] [Server thread/INFO]: <EsoJet> hasta aqui te huelo
[02:08:02] [Server thread/INFO]: <Lemaid12> Te lo doy todo
[02:08:46] [Server thread/INFO]: <Lemaid12> Aber Leo
[02:08:50] [Server thread/INFO]: <Lemaid12> Estas listo?
[02:08:57] [Server thread/INFO]: <EsoJet> pues nunca llego mi regalo
[02:09:09] [Server thread/INFO]: <Lemaid12> Listo
[02:09:15] [Server thread/INFO]: <Lemaid12> Nada mas
[02:09:22] [Server thread/INFO]: <Lemaid12> De nada
[02:09:37] [Server thread/INFO]: <Lemaid12> Leo
[02:09:38] [Server thread/INFO]: <Lemaid12> Ven
[02:09:45] [Server thread/INFO]: <Lemaid12> Puta madre
[02:10:18] [Server thread/INFO]: <Lemaid12> Quedate ahi
[02:10:28] [Server thread/INFO]: <Lemaid12> Aber
[02:10:59] [Server thread/INFO]: <Lemaid12> Uh...
[02:11:04] [Server thread/INFO]: <EsoJet> q me ibas a dar bolly
[02:11:08] [Server thread/INFO]: <EsoJet> no t veo
[02:11:26] [Server thread/INFO]: <Lemaid12> Leo
[02:11:30] [Server thread/INFO]: <CrossReinhardt> alluda polesia, hay un haitiano en casa
[02:11:31] [Server thread/INFO]: <Lemaid12> Tenemos problemas
[02:11:40] [Server thread/INFO]: <Lemaid12> No encuentro los diamantes
[02:11:52] [Server thread/INFO]: <Lemaid12> No es broma
[02:11:58] [Server thread/INFO]: <Lemaid12> De verdad, ven a revisar
[02:12:25] [Server thread/INFO]: <Lemaid12> Creo que me robaron
[02:13:43] [Server thread/INFO]: <Lemaid12> Eh csm
[02:13:55] [Server thread/INFO]: <Lemaid12> Que hacen en mi casa hijos de puta?
[02:13:56] [Server thread/INFO]: <EsoJet> llego tu hora
[02:13:59] [Server thread/INFO]: <SunnyUsh> cagaste
[02:14:05] [Server thread/INFO]: Lemaid12 fell from a high place
[02:14:08] [Server thread/INFO]: <EsoJet> OLV
[02:14:23] [Server thread/INFO]: <EsoJet> vamonos misaki
[02:14:27] [Server thread/INFO]: <EsoJet> antes de q iege la poli
[02:14:45] [Server thread/INFO]: <StrapsAlbein> iet
[02:14:48] [Server thread/INFO]: <EsoJet> q
[02:14:49] [Server thread/INFO]: <StrapsAlbein> misaki
[02:14:58] [Server thread/INFO]: <CrossReinhardt> amogus
[02:14:59] [Server thread/INFO]: <StrapsAlbein> q le hicieron a rebeka
[02:15:03] [Server thread/INFO]: <EsoJet> nada
[02:15:12] [Server thread/INFO]: <EsoJet> le atino mal al aterrizaje
[02:15:30] [Server thread/INFO]: <StrapsAlbein> iet
[02:15:34] [Server thread/INFO]: <StrapsAlbein> porke me apuntas
[02:15:49] [Server thread/INFO]: <SunnyUsh> jet hdp
[02:15:52] [Server thread/INFO]: <EsoJet> q
[02:16:08] [Server thread/INFO]: <SunnyUsh> donde estas
[02:16:21] [Server thread/INFO]: <SunnyUsh> k ves
[02:16:23] [Server thread/INFO]: <BananaRB12> oaaaaa
[02:16:23] [Server thread/INFO]: Lemaid12 was shot by EsoJet
[02:16:25] [Server thread/INFO]: <BananaRB12> asdjaskdja
[02:16:30] [Server thread/INFO]: <EsoJet> no le pegues al eso jet morra
[02:16:31] [Server thread/INFO]: <BananaRB12> los putazos
[02:16:32] [Server thread/INFO]: <EsoJet> q me arrugo
[02:16:50] [Server thread/INFO]: <SunnyUsh> grazias
[02:16:59] [Server thread/INFO]: <EsoJet> misaki donde estas
[02:17:04] [Server thread/INFO]: <EsoJet> fue mision cumplida
[02:17:11] [Server thread/INFO]: <SunnyUsh> aqui con banana afuera de la casa esa
[02:17:13] [Server thread/INFO]: <SunnyUsh> del agua
[02:17:20] [Server thread/INFO]: <Lemaid12> Hijos de puta
[02:17:31] [Server thread/INFO]: <EsoJet> eso jet
[02:17:59] [Server thread/INFO]: N_e_r_o_z was shot by EsoJet
[02:18:13] [Server thread/INFO]: <StrapsAlbein> necesito respuestas jet
[02:18:15] [Server thread/INFO]: <SunnyUsh> me das miedo
[02:18:23] [Server thread/INFO]: <N_e_r_o_z> jet xk
[02:18:24] [Server thread/INFO]: <BananaRB12> a?
[02:18:25] [Server thread/INFO]: <BananaRB12> adsjjsad
[02:18:30] [Server thread/INFO]: <SunnyUsh> le digo a leo xd
[02:18:39] [Server thread/INFO]: <BananaRB12> ya ya xdd
[02:18:39] [Server thread/INFO]: Lemaid12 lost connection: Timed out
[02:18:39] [Server thread/INFO]: Lemaid12 left the game
[02:18:42] [Server thread/INFO]: <StrapsAlbein> porke mataron a rebeka
[02:18:47] [Server thread/INFO]: Lemaid12[/190.224.137.119:65090] logged in with entity id 179135 at (343.3460409765437, 62.01040568314689, 351.9230467411698)
[02:18:47] [Server thread/INFO]: Lemaid12 joined the game
[02:18:58] [Server thread/INFO]: <EsoJet> para ver si tenia creativo y volaba
[02:19:03] [Server thread/INFO]: <Lemaid12> leo
[02:19:09] [Server thread/INFO]: <Lemaid12> Tienen tus diamantes
[02:19:14] [Server thread/INFO]: <EsoJet> leo no
[02:19:19] [Server thread/INFO]: <EsoJet> nos quiere separar
[02:19:28] [Server thread/INFO]: <EsoJet> misaki fuga
[02:19:41] [Server thread/INFO]: <Lemaid12> Leo
[02:19:49] [Server thread/INFO]: <Lemaid12> Se que te lance de mi casa varias veces al suelo
[02:19:51] [Server thread/INFO]: <EsoJet> leo como dice el toreto
[02:19:53] [Server thread/INFO]: <Lemaid12> Pero tienes que confiar en mi
[02:19:53] [Server thread/INFO]: <EsoJet> la familia primero
[02:20:03] [Server thread/INFO]: <EsoJet> leo namas la empuje
[02:20:11] [Server thread/INFO]: <EsoJet> pensamos que iba a caer en el agua
[02:20:11] [Server thread/INFO]: <SunnyUsh> un empujoncito
[02:20:14] [Server thread/INFO]: <Bollas> hmmm
[02:20:16] [Server thread/INFO]: <EsoJet> pero cayo en el yunque
[02:20:16] [Server thread/INFO]: <Lemaid12> LEO
[02:20:19] [Server thread/INFO]: <EsoJet> de acero
[02:20:23] [Server thread/INFO]: <EsoJet> y la segunda vez
[02:20:26] [Server thread/INFO]: <StrapsAlbein> iet
[02:20:26] [Server thread/INFO]: <EsoJet> ella me ataco
[02:20:28] [Server thread/INFO]: <EsoJet> me tuve que defender
[02:20:29] [Server thread/INFO]: <StrapsAlbein> me apuntaste
[02:20:29] [Server thread/INFO]: <Lemaid12> No les creas
[02:20:34] [Server thread/INFO]: <Lemaid12> Juegan lol
[02:20:35] [Server thread/INFO]: <EsoJet> misaki es testigo
[02:20:45] [Server thread/INFO]: <SunnyUsh> eeee
[02:20:51] [Server thread/INFO]: <SunnyUsh> k aces banana
[02:20:57] [Server thread/INFO]: <EsoJet> banana
[02:20:57] [Server thread/INFO]: <Bollas> que hacen ustedes
[02:20:58] [Server thread/INFO]: <Bollas> que planeas
[02:20:59] [Server thread/INFO]: <EsoJet> tu viste todo
[02:21:05] [Server thread/INFO]: <BananaRB12> viendo sus webadas hjasd
[02:21:15] [Server thread/INFO]: <Bollas> no me apuntes we
[02:21:15] [Server thread/INFO]: <Lemaid12> Leo, tu lo viste
[02:21:21] [Server thread/INFO]: <Lemaid12> Todo estaba arreglado desde el inicio
[02:21:32] [Server thread/INFO]: <EsoJet> correle
[02:21:34] [Server thread/INFO]: <EsoJet> gamota
[02:22:05] [Server thread/INFO]: <Lemaid12> Mauro
[02:22:45] [Server thread/INFO]: <Lemaid12> LEOOOOOOOOOO CORREEEEEEEEEEEE
[02:23:08] [Server thread/INFO]: <Lemaid12> LEOOOOOOOOOOOOOO
[02:23:15] [Server thread/INFO]: <Lemaid12> NOOOOOOOOOOOOOOOOOOOOOO
[02:23:17] [Server thread/INFO]: <Lemaid12> ESTOY MUY LEJOS
[02:23:23] [Server thread/INFO]: <Lemaid12> ESTOY EN EL CULO DEL MUNDO
[02:25:08] [Server thread/INFO]: <EsoJet> misaki
[02:25:08] [Server thread/INFO]: <SunnyUsh> soy moises
[02:25:10] [Server thread/INFO]: <EsoJet> mira discord
[02:25:22] [Server thread/INFO]: <Lemaid12> Leo
[02:25:27] [Server thread/INFO]: <Lemaid12> Entraste en razon
[02:25:40] [Server thread/INFO]: <SunnyUsh> CORRE
[02:25:40] [Server thread/INFO]: <Lemaid12> Es bueno saberlo
[02:26:07] [Server thread/INFO]: <Lemaid12> Leo
[02:26:14] [Server thread/INFO]: Bollas has made the advancement [Cover Me with Diamonds]
[02:26:18] [Server thread/INFO]: <EsoJet> nooo
[02:26:20] [Server thread/INFO]: <Lemaid12> Nada
[02:26:26] [Server thread/INFO]: <Bollas> 3:)
[02:26:39] [Server thread/INFO]: <EsoJet> misaki vamonos
[02:26:43] [Server thread/INFO]: <EsoJet> se esta equipando el boly
[02:27:08] [Server thread/INFO]: <Bollas> muajajajaj
[02:27:12] [Server thread/INFO]: <Bollas> ando full diamante
[02:27:21] [Server thread/INFO]: <SunnyUsh> PEROMEN QUE VEO PEROMEN QUE CULEO
[02:27:26] [Server thread/INFO]: <N_e_r_o_z> ??
[02:27:33] [Server thread/INFO]: <Bollas> callese pendeja
[02:27:35] [Server thread/INFO]: <EsoJet> no boly
[02:27:38] [Server thread/INFO]: <EsoJet> era puro pedo
[02:27:41] [Server thread/INFO]: <EsoJet> cuando te mate a ti
[02:27:43] [Server thread/INFO]: <EsoJet> y a neroz
[02:27:44] [Server thread/INFO]: <Bollas> no we
[02:27:45] [Server thread/INFO]: <EsoJet> y a rebeca
[02:27:46] [Server thread/INFO]: <Bollas> esto es la guerra
[02:27:52] [Server thread/INFO]: <Lemaid12> Te voy a suicidar maldito
[02:27:52] [Server thread/INFO]: <Bollas> la pero villa vs la aldea gamer
[02:27:54] [Server thread/INFO]: <SunnyUsh> Ando horny me los voy a culerar
[02:28:02] [Server thread/INFO]: <SunnyUsh> con mi pitote
[02:28:03] [Server thread/INFO]: <Bollas> mauro vete al canal de abajo
[02:28:05] [Server thread/INFO]: <Bollas> a vatos gritando
[02:28:08] [Server thread/INFO]: <Bollas> rebecca tu tambien
[02:28:12] [Server thread/INFO]: <EsoJet> Boly
[02:28:16] [Server thread/INFO]: <EsoJet> podemos hablarlo
[02:28:20] [Server thread/INFO]: <Bollas> banan
[02:28:22] [Server thread/INFO]: <Bollas> tu tambien
[02:28:32] [Server thread/INFO]: <Bollas> ya valio burger
[02:28:40] [Server thread/INFO]: <Lemaid12> Ah cierto, me falta escudo
[02:28:47] [Server thread/INFO]: <EsoJet> Misaki, vente al jel iea
[02:29:08] [Server thread/INFO]: <Bollas> BANANAAA
[02:29:11] [Server thread/INFO]: <Bollas> RAPIDO
[02:31:05] [Server thread/INFO]: <Lemaid12> Nos llevamos el caballo?
[02:31:44] [Server thread/INFO]: <Lemaid12> Leo
[02:31:52] [Server thread/INFO]: <Lemaid12> Potato
[02:31:54] [Server thread/INFO]: <EsoJet> banana
[02:31:59] [Server thread/INFO]: <EsoJet> tu estas en nuestra contra?
[02:32:03] [Server thread/INFO]: StrapsAlbein has made the advancement [The Parrots and the Bats]
[02:32:04] [Server thread/INFO]: <Lemaid12> Ven Leo
[02:33:00] [Server thread/INFO]: Lemaid12 lost connection: Timed out
[02:33:00] [Server thread/INFO]: Lemaid12 left the game
[02:33:00] [Server thread/INFO]: Lemaid12[/190.224.137.119:49157] logged in with entity id 187073 at (488.4415911988089, 68.0, 251.8644764623286)
[02:33:00] [Server thread/INFO]: Lemaid12 joined the game
[02:34:34] [Server thread/INFO]: N_e_r_o_z lost connection: Disconnected
[02:34:34] [Server thread/INFO]: N_e_r_o_z left the game
[02:35:10] [Server thread/INFO]: <Lemaid12> Gracias
[02:35:26] [Server thread/INFO]: <Lemaid12> Si
[02:35:36] [Server thread/INFO]: <Lemaid12> Ah
[02:35:51] [Server thread/INFO]: <Lemaid12> Nmms ni me di cuenta
[02:35:53] [Server thread/INFO]: N_e_r_o_z[/179.40.118.1:65416] logged in with entity id 188601 at (472.12703122101425, 70.0, 288.3444509456986)
[02:35:53] [Server thread/INFO]: N_e_r_o_z joined the game
[02:35:59] [Server thread/WARN]: Lemaid12 moved too quickly! 6.492290874414891,-1.0,-7.865604048242943
[02:36:16] [Server thread/INFO]: <Lemaid12> Aber Leo
[02:36:25] [Server thread/INFO]: <Lemaid12> Tengo tus otras cosas, te las doy?
[02:36:40] [Server thread/INFO]: <Lemaid12> Uh
[02:36:41] [Server thread/INFO]: <Lemaid12> Esas no
[02:37:02] [Server thread/INFO]: <Lemaid12> Ayuda
[02:37:05] [Server thread/INFO]: <Lemaid12> Me cai
[02:40:32] [Server thread/INFO]: <EsoJet> q aces boly
[02:41:11] [Server thread/INFO]: <Lemaid12> Que te dieron?
[02:41:24] [Server thread/INFO]: <Lemaid12> ALV
[02:41:29] [Server thread/INFO]: <Lemaid12> Sis
[02:41:32] [Server thread/INFO]: <Lemaid12> Pica diamantes con eso
[02:41:43] [Server thread/INFO]: <Lemaid12> Yo veo los esqueletos
[02:42:07] [Server thread/INFO]: <Lemaid12> Donde estan?
[02:43:41] [Server thread/INFO]: <Lemaid12> Yo los veo
[02:43:57] [Server thread/INFO]: <Lemaid12> Leo, el pico que tienes tiene fortuna
[02:44:37] [Server thread/INFO]: <Lemaid12> No podemos cambiar la dificultad?
[02:45:11] [Server thread/INFO]: <Lemaid12> Si estan saliendo
[02:46:40] [Server thread/INFO]: <Lemaid12> Si
[02:46:42] [Server thread/INFO]: <Lemaid12> Voy viendo
[02:46:52] [Server thread/INFO]: <Lemaid12> Wachando los spookys
[02:47:12] [Server thread/INFO]: There are 8 of a max of 18 players online: EsoJet, CrossReinhardt, Bollas, SunnyUsh, BananaRB12, StrapsAlbein, Lemaid12, N_e_r_o_z
[02:47:55] [Server thread/INFO]: <Lemaid12> Alv
[02:47:59] [Server thread/INFO]: <Lemaid12> Y que hago?
[02:48:07] [Server thread/INFO]: <Lemaid12> Vale
[02:48:11] [Server thread/INFO]: <Lemaid12> que haces banana?
[02:49:08] [Server thread/INFO]: <Lemaid12> Si entro
[02:49:18] [Server thread/INFO]: <Lemaid12> Era yo disculpa
[02:49:39] [Server thread/INFO]: <Lemaid12> JAJAJAJAJA
[02:52:38] [Server thread/INFO]: <Lemaid12> 30
[02:52:56] [Server thread/INFO]: <BananaRB12> oa
[02:53:34] [Server thread/INFO]: <Lemaid12> Voy
[02:53:42] [Server thread/INFO]: <Lemaid12> Pero a donde?
[02:54:40] [Server thread/INFO]: N_e_r_o_z has made the advancement [Not Today, Thank You]
[02:55:00] [Server thread/INFO]: <Lemaid12> y si ponen el juego en dificil?
[02:56:21] [Server thread/INFO]: <Lemaid12> Sis
[02:57:48] [Server thread/INFO]: Lemaid12 lost connection: Timed out
[02:57:48] [Server thread/INFO]: Lemaid12 left the game
[02:58:00] [Server thread/INFO]: Lemaid12[/190.224.137.119:49905] logged in with entity id 199958 at (398.3588751206407, 5.5, 274.5540188973911)
[02:58:00] [Server thread/INFO]: Lemaid12 joined the game
[03:00:27] [Server thread/INFO]: StrapsAlbein has made the advancement [Cover Me with Diamonds]
[03:00:36] [Server thread/INFO]: <EsoJet> andas fino
[03:00:37] [Server thread/INFO]: <Bollas> 3:)
[03:00:43] [Server thread/INFO]: <EsoJet> noooo
[03:01:19] [Server thread/INFO]: <Lemaid12> Que paso?
[03:01:43] [Server thread/INFO]: <Lemaid12> Que hago?
[03:01:55] [Server thread/INFO]: There are 8 of a max of 18 players online: EsoJet, CrossReinhardt, Bollas, SunnyUsh, BananaRB12, StrapsAlbein, N_e_r_o_z, Lemaid12
[03:02:05] [Server thread/INFO]: Lemaid12 has made the advancement [Cover Me with Diamonds]
[03:02:11] [Server thread/INFO]: <Bollas> 3:) 3:)
[03:02:18] [Server thread/INFO]: <EsoJet> nooooo
[03:02:19] [Server thread/INFO]: [Server] de nada por los diamantes rebeca
[03:02:22] [Server thread/INFO]: <Bollas> tiembla jet
[03:02:36] [Server thread/INFO]: <Lemaid12> Hijos de puta
[03:02:42] [Server thread/INFO]: <Lemaid12> Que?
[03:02:49] [Server thread/INFO]: <Lemaid12> Non
[03:02:54] [Server thread/INFO]: <Lemaid12> Ah si
[03:03:03] [Server thread/INFO]: <EsoJet> Rebeca
[03:03:05] [Server thread/INFO]: <Lemaid12> No entiendo
[03:03:06] [Server thread/INFO]: <EsoJet> tu solita te caiste
[03:03:07] [Server thread/INFO]: <Lemaid12> Que dicen?
[03:03:08] [Server thread/INFO]: <EsoJet> x wei
[03:03:12] [Server thread/INFO]: <SunnyUsh> ASAKJASDKJASDASDKJ
[03:03:17] [Server thread/INFO]: <Lemaid12> Tengo espada
[03:03:27] [Server thread/INFO]: <Lemaid12> Solo espada
[03:03:36] [Server thread/INFO]: <Lemaid12> tengo 13
[03:03:38] [Server thread/INFO]: StrapsAlbein drowned
[03:03:46] [Server thread/INFO]: StrapsAlbein lost connection: Timed out
[03:03:46] [Server thread/INFO]: StrapsAlbein left the game
[03:03:47] [Server thread/INFO]: <Lemaid12> Me falta para eso
[03:05:04] [Server thread/INFO]: [Server] era un chascarrillo rebeca
[03:05:10] [Server thread/INFO]: [Server] tranquila xd
[03:05:22] [Server thread/INFO]: <Lemaid12> Quien sos vos?
[03:06:31] [Server thread/INFO]: Lemaid12 lost connection: Timed out
[03:06:31] [Server thread/INFO]: Lemaid12 left the game
[03:06:41] [Server thread/INFO]: Lemaid12[/190.224.137.119:50162] logged in with entity id 206014 at (397.6702304380761, 5.0, 270.4287075533631)
[03:06:41] [Server thread/INFO]: Lemaid12 joined the game
[03:06:46] [Server thread/INFO]: <Lemaid12> Banda
[03:06:49] [Server thread/INFO]: <Lemaid12> Vengan un momento
[03:07:05] [Server thread/INFO]: <Lemaid12> Abajo
[03:07:26] [Server thread/INFO]: <Lemaid12> Para agarrar eso
[03:12:38] [Server thread/INFO]: <Lemaid12> Voy tambien entonces
[03:13:08] [Server thread/INFO]: N_e_r_o_z tried to swim in lava to escape Piglin
[03:13:19] [Server thread/INFO]: <Bollas> una perdida para los peropapus :'v
[03:13:35] [Server thread/INFO]: There are 7 of a max of 18 players online: EsoJet, CrossReinhardt, Bollas, SunnyUsh, BananaRB12, Lemaid12, N_e_r_o_z
[03:13:53] [Server thread/INFO]: N_e_r_o_z was slain by EsoJet
[03:14:15] [Server thread/INFO]: <N_e_r_o_z> jet xk
[03:14:17] [Server thread/INFO]: <N_e_r_o_z> io q te hice
[03:14:23] [Server thread/INFO]: <Lemaid12> Como dices Bolly?
[03:15:37] [Server thread/INFO]: <Lemaid12> 30 entonces
[03:17:21] [Server thread/INFO]: <Lemaid12> Bye bye
[03:17:36] [Server thread/INFO]: SunnyUsh lost connection: Disconnected
[03:17:36] [Server thread/INFO]: SunnyUsh left the game
[03:18:41] [Server thread/INFO]: <Lemaid12> Aber
[03:21:25] [Server thread/INFO]: N_e_r_o_z tried to swim in lava
[03:21:34] [Server thread/INFO]: <Lemaid12> Nooooo papu
[03:21:38] [Server thread/INFO]: <EsoJet> o jel iea
[03:22:16] [Server thread/INFO]: <Lemaid12> Si
[03:22:31] [Server thread/INFO]: <Lemaid12> Yo era la bruja
[03:23:45] [Server thread/INFO]: Bollas lost connection: Disconnected
[03:23:45] [Server thread/INFO]: Bollas left the game
[03:23:53] [Server thread/INFO]: <Lemaid12> Gracias
[03:25:38] [Server thread/INFO]: MakiWong[/177.228.172.241:26633] logged in with entity id 219164 at (-72.41818423854185, 64.0, 1502.6612536441637)
[03:25:38] [Server thread/INFO]: MakiWong joined the game
[03:26:28] [Server thread/INFO]: <Lemaid12> Mauro, tas bien?
[03:26:36] [Server thread/INFO]: <Lemaid12> Bueno
[03:26:38] [Server thread/INFO]: <Lemaid12> Sale lol?
[03:26:41] [Server thread/INFO]: <MakiWong> que vrgas hacen?
[03:26:49] [Server thread/INFO]: <Lemaid12> Vamos a jugar al lol
[03:26:58] [Server thread/INFO]: <MakiWong> gueno
[03:27:06] [Server thread/INFO]: <Lemaid12> Sale lol?
[03:27:10] [Server thread/INFO]: <MakiWong> watefoc mauro jugando lol
[03:28:15] [Server thread/INFO]: EsoJet has completed the challenge [Hero of the Village]
[03:28:25] [Server thread/INFO]: <MakiWong> ah prro
[03:28:34] [Server thread/INFO]: <EsoJet> soy el hereo de la aldea gamer
[03:28:39] [Server thread/INFO]: <Lemaid12> Buena
[03:28:41] [Server thread/INFO]: N_e_r_o_z has made the advancement [Hidden in the Depths]
[03:29:20] [Server thread/INFO]: <Lemaid12> Aber
[03:30:19] [Server thread/INFO]: <Lemaid12> Terminaste justo a tiempo Cross
[03:30:27] [Server thread/INFO]: <Lemaid12> Tiremos a Charly
[03:30:30] [Server thread/INFO]: <CrossReinhardt> awebo
[03:31:28] [Server thread/INFO]: [MakiWong: Set own game mode to Creative Mode]
[03:31:37] [Server thread/INFO]: CrossReinhardt lost connection: Disconnected
[03:31:37] [Server thread/INFO]: CrossReinhardt left the game
[03:31:58] [Server thread/INFO]: StrapsAlbein[/187.190.179.225:10032] logged in with entity id 225387 at (397.69999998807907, 20.006263783783623, 270.69999998807907)
[03:31:58] [Server thread/INFO]: StrapsAlbein joined the game
[03:32:14] [Server thread/INFO]: <Lemaid12> Bienvenido a Dark Souls Leo
[03:32:17] [Server thread/INFO]: <Lemaid12> Te ahogaste
[03:32:30] [Server thread/INFO]: <Lemaid12> Si
[03:32:31] [Server thread/INFO]: <Lemaid12> Aqui
[03:32:53] [Server thread/INFO]: <Lemaid12> Abajo
[03:33:27] [Server thread/INFO]: <Lemaid12> Te doy una si quieres
[03:33:28] [Server thread/INFO]: [MakiWong: Set own game mode to Survival Mode]
[03:34:13] [Server thread/INFO]: <Lemaid12> Ni idea de donde estara
[03:34:20] [Server thread/INFO]: <Lemaid12> No era un pico?
[03:35:16] [Server thread/INFO]: CrossReinhardt[/187.143.49.228:63725] logged in with entity id 227846 at (609.6999999880791, 70.0, 324.3109055641971)
[03:35:16] [Server thread/INFO]: CrossReinhardt joined the game
[03:35:56] [Server thread/INFO]: <EsoJet> ya lleguee maki
[03:36:19] [Server thread/INFO]: <EsoJet> maki
[03:36:23] [Server thread/INFO]: <EsoJet> un panda se cayo al gallinero
[03:37:05] [Server thread/INFO]: <Lemaid12> Leo
[03:37:07] [Server thread/INFO]: <Lemaid12> Ontas?
[03:37:13] [Server thread/INFO]: <Lemaid12> Ah bueno
[03:37:17] [Server thread/INFO]: <Lemaid12> En la casa gamer?
[03:37:27] [Server thread/INFO]: <Lemaid12> Ah si
[03:37:32] [Server thread/INFO]: <Lemaid12> Alle voy
[03:38:02] [Server thread/INFO]: <EsoJet> MAKI
[03:38:03] [Server thread/INFO]: CrossReinhardt lost connection: Disconnected
[03:38:03] [Server thread/INFO]: CrossReinhardt left the game
[03:38:08] [Server thread/INFO]: <MakiWong> que pedo
[03:38:11] [Server thread/INFO]: <EsoJet> UN OSO POLAR TUMBO AL OTRO DEL PUENTE
[03:38:44] [Server thread/INFO]: <EsoJet> lo empujo de aqui
[03:38:56] [Server thread/INFO]: <MakiWong> quien vergas los desató
[03:39:02] [Server thread/INFO]: <EsoJet> yo acabo de llegar
[03:39:05] [Server thread/INFO]: <EsoJet> estaba perdido
[03:39:14] [Server thread/INFO]: <EsoJet> y no tome cordenadas
[03:39:15] [Server thread/INFO]: [MakiWong: Set own game mode to Creative Mode]
[03:39:22] [Server thread/INFO]: <Lemaid12> Holaaaaaaaaaaaa
[03:39:30] [Server thread/INFO]: <EsoJet> subelo
[03:39:49] [Server thread/INFO]: <MakiWong> fuck
[03:39:57] [Server thread/INFO]: <EsoJet> asi dice el papa de toro max
[03:39:58] [Server thread/INFO]: <MakiWong> no aguanto :(
[03:39:59] [Server thread/INFO]: <EsoJet> dice fack
[03:40:06] [Server thread/INFO]: <EsoJet> ya es licenciado el wei
[03:40:25] [Server thread/INFO]: <Lemaid12> Licen?
[03:40:41] [Server thread/INFO]: <Lemaid12> Vamos Leo
[03:40:47] [Server thread/INFO]: <MakiWong> y el otro panda?
[03:40:54] [Server thread/INFO]: <EsoJet> se cayo al gallinero
[03:41:50] [Server thread/INFO]: <EsoJet> ponlos aca abajo
[03:41:53] [Server thread/INFO]: <EsoJet> si no se van a matar
[03:41:56] [Server thread/INFO]: <MakiWong> puta madre no puedo mover al oso con los lazos
[03:42:03] [Server thread/INFO]: <EsoJet> matalo
[03:42:12] [Server thread/INFO]: <Lemaid12> Alv
[03:42:15] [Server thread/INFO]: <Lemaid12> Raiyuga
[03:43:46] [Server thread/INFO]: <Lemaid12> Leo
[03:43:48] [Server thread/INFO]: <Lemaid12> Ten
[03:44:55] [Server thread/INFO]: BananaRB12 has made the advancement [Hidden in the Depths]
[03:45:21] [Server thread/INFO]: <Lemaid12> Aber
[03:46:29] [Server thread/INFO]: <Lemaid12> AJAJAJAJA
[03:46:58] [Server thread/INFO]: <Lemaid12> como vemos la capa?
[03:47:11] [Server thread/INFO]: <Lemaid12> Ya pero donde dice la capa?
[03:47:31] [Server thread/INFO]: <Lemaid12> Entiendo
[03:47:48] [Server thread/INFO]: <Lemaid12> Me tiro?
[03:48:01] [Server thread/INFO]: <Lemaid12> Si
[03:48:03] [Server thread/INFO]: <Lemaid12> Si recibimos
[03:48:06] [Server thread/INFO]: <Lemaid12> Holaaaaaaaaaaaaaaaaaaaa
[03:48:38] [Server thread/INFO]: <Lemaid12> Era por otro Leo
[03:49:45] [Server thread/INFO]: CrossReinhardt[/187.143.49.228:64108] logged in with entity id 239420 at (608.272396320669, 70.0, 324.54332363502306)
[03:49:45] [Server thread/INFO]: CrossReinhardt joined the game
[03:49:47] [Server thread/INFO]: <Lemaid12> Leo
[03:49:50] [Server thread/INFO]: <Lemaid12> Aqui
[03:50:22] [Server thread/INFO]: <Lemaid12> que paso?
[03:50:27] [Server thread/INFO]: <Lemaid12> NMMS
[03:50:37] [Server thread/INFO]: <Lemaid12> Bueno
[03:50:39] [Server thread/INFO]: <Lemaid12> Nos tiramos?
[03:51:02] [Server thread/INFO]: <Lemaid12> JAJAJAJAJJA
[03:51:32] [Server thread/INFO]: <Lemaid12> Bye bye
[03:52:55] [Server thread/INFO]: <Lemaid12> Non
[03:53:21] [Server thread/INFO]: <Lemaid12> Haz una voltereta
[03:53:38] [Server thread/INFO]: <Lemaid12> Seguramente si
[03:53:48] [Server thread/WARN]: Lemaid12 was kicked for floating too long!
[03:53:48] [Server thread/INFO]: Lemaid12 lost connection: Flying is not enabled on this server
[03:53:48] [Server thread/INFO]: Lemaid12 left the game
[03:53:58] [Server thread/INFO]: Lemaid12[/190.224.137.119:51563] logged in with entity id 243244 at (38.0469424379018, 54.7531999805212, 8.369355640183503)
[03:53:58] [Server thread/INFO]: Lemaid12 joined the game
[03:54:13] [Server thread/INFO]: <Lemaid12> Yo estaba minando hace rato y encontre ese bioma con arboles
[03:54:17] [Server thread/INFO]: <Lemaid12> Es importante?
[03:54:26] [Server thread/INFO]: <Lemaid12> No
[03:54:28] [Server thread/INFO]: <Lemaid12> Era otra zona
[03:57:12] [Server thread/INFO]: <Lemaid12> vamonos a la verga wey
[03:57:35] [Server thread/INFO]: <Lemaid12> Leo
[03:57:37] [Server thread/INFO]: <Lemaid12> Ontas?
[03:57:51] [Server thread/INFO]: N_e_r_o_z lost connection: Disconnected
[03:57:51] [Server thread/INFO]: N_e_r_o_z left the game
[03:57:57] [Server thread/INFO]: <EsoJet> leo
[03:58:03] [Server thread/INFO]: <EsoJet> tu nunca nos vas a atacar verdad?
[03:58:05] [Server thread/INFO]: <Lemaid12> sis
[03:58:23] [Server thread/INFO]: <StrapsAlbein> jet
[03:58:29] [Server thread/INFO]: <StrapsAlbein> me apuntaste 2 veces
[03:58:37] [Server thread/INFO]: <EsoJet> xq traías una mosca
[03:58:38] [Server thread/INFO]: <StrapsAlbein> confie en ti
[03:58:43] [Server thread/INFO]: <EsoJet> pero te ataque?
[03:58:45] [Server thread/INFO]: <EsoJet> no
[03:58:46] [Server thread/WARN]: MakiWong moved too quickly! 10.31787214649501,0.0,-2.433443724612289
[03:58:48] [Server thread/INFO]: <EsoJet> xq eres familia
[03:59:09] [Server thread/INFO]: <StrapsAlbein> tranquilo jet no te atacare
[03:59:14] [Server thread/INFO]: <EsoJet> tkm
[04:00:58] [Server thread/INFO]: <Lemaid12> deepest lore
[04:01:13] [Server thread/INFO]: <Lemaid12> Esto que es?
[04:01:40] [Server thread/INFO]: <Lemaid12> Non
[04:02:37] [Server thread/INFO]: <Lemaid12> Ijole
[04:03:21] [Server thread/INFO]: <Lemaid12> Sis
[04:03:23] [Server thread/INFO]: <Lemaid12> Sera ese?
[04:03:31] [Server thread/INFO]: <Lemaid12> Vamos Leo
[04:03:33] [Server thread/INFO]: <Lemaid12> Hay que investigar
[04:05:09] [Server thread/INFO]: <Lemaid12> Non
[04:05:14] [Server thread/INFO]: <Lemaid12> Fijate si ves algo de piedra
[04:05:18] [Server thread/INFO]: <Lemaid12> Piedra normal
[04:05:31] [Server thread/INFO]: <Lemaid12> ALV
[04:05:34] [Server thread/INFO]: <Lemaid12> AQUI
[04:05:56] [Server thread/INFO]: <Lemaid12> Vamos al portal
[04:06:15] [Server thread/INFO]: <Lemaid12> Hay que comprobar
[04:07:33] [Server thread/INFO]: <Lemaid12> estamos en el culo del mundo
[04:07:42] [Server thread/INFO]: <Lemaid12> Concuerdo
[04:08:13] [Server thread/INFO]: <Lemaid12> en el portal
[04:08:54] [Server thread/INFO]: BananaRB12 lost connection: Disconnected
[04:08:54] [Server thread/INFO]: BananaRB12 left the game
[04:09:18] [Server thread/INFO]: <Lemaid12> ALV
[04:10:01] [Server thread/INFO]: <Lemaid12> Non
[04:10:16] [Server thread/INFO]: <Lemaid12> Esos son agresivos
[04:10:26] [Server thread/INFO]: Lemaid12 has completed the challenge [Hot Tourist Destinations]
[04:10:44] [Server thread/INFO]: Bollas[/181.115.61.85:59153] logged in with entity id 251928 at (398.69999998807907, 5.5, 275.2984924546775)
[04:10:44] [Server thread/INFO]: Bollas joined the game
[04:10:49] [Server thread/INFO]: <EsoJet> Andriu boli
[04:10:59] [Server thread/INFO]: <Lemaid12> Ya tenemos palos
[04:11:05] [Server thread/INFO]: <Bollas> esoyet
[04:11:14] [Server thread/INFO]: <MakiWong> bolly me dijeron sobre algo muy sensible
[04:11:20] [Server thread/INFO]: <Bollas> k pasa we
[04:11:29] [Server thread/INFO]: <MakiWong> me dijeron sobre una cuarta guerra ninja
[04:11:35] [Server thread/INFO]: <Bollas> asi es
[04:11:38] [Server thread/INFO]: <MakiWong> es cierto o no lo que alegan mis topos?
[04:11:38] [Server thread/INFO]: <Bollas> se armaron los guamazos
[04:11:46] [Server thread/INFO]: <MakiWong> jijo de su madre
[04:11:52] [Server thread/INFO]: <EsoJet> empezo rebeca
[04:11:54] [Server thread/INFO]: <EsoJet> cuando se resbalo
[04:11:56] [Server thread/INFO]: <Lemaid12> Pusiste carbon?
[04:11:59] [Server thread/INFO]: <EsoJet> y causo un malentendido
[04:11:59] [Server thread/INFO]: <Lemaid12> YO QUE?
[04:12:00] [Server thread/INFO]: <EsoJet> y boli
[04:12:05] [Server thread/INFO]: <EsoJet> me amenazo con sus sicarios
[04:14:07] [Server thread/INFO]: <Lemaid12> Para que es el hierro?
[04:14:13] [Server thread/INFO]: <Lemaid12> Tengo una
[04:14:15] [Server thread/INFO]: <Lemaid12> mira
[04:14:33] [Server thread/INFO]: <Lemaid12> leo
[04:14:36] [Server thread/INFO]: <Lemaid12> ayuda
[04:15:02] [Server thread/INFO]: <Lemaid12> el marranero
[04:15:17] [Server thread/INFO]: <Bollas> xq la casa de shiro ta llena de poyos
[04:15:35] [Server thread/INFO]: <EsoJet> no se de que me hablas
[04:15:40] [Server thread/INFO]: <Bollas> toma un apoyo
[04:16:43] [Server thread/INFO]: <Lemaid12> Cuantas necesitas Leo?
[04:16:44] [Server thread/INFO]: Bollas has made the advancement [Take Aim]
[04:16:54] [Server thread/INFO]: <Lemaid12> soltaran semillas?
[04:17:05] [Server thread/INFO]: <Lemaid12> silk touch, si
[04:17:58] [Server thread/INFO]: <Lemaid12> Mira leo
[04:18:07] [Server thread/INFO]: <Lemaid12> JAJAJAJAJJAJA
[04:18:12] [Server thread/INFO]: Bollas has made the advancement [The Parrots and the Bats]
[04:18:23] [Server thread/INFO]: <Bollas> sexooo
[04:19:52] [Server thread/INFO]: <Lemaid12> que paso?
[04:20:07] [Server thread/INFO]: <Lemaid12> ...
[04:20:08] [Server thread/INFO]: [MakiWong: Set own game mode to Survival Mode]
[04:20:23] [Server thread/INFO]: <Lemaid12> Puta madre casi me da un infarto
[04:21:22] [Server thread/INFO]: <Lemaid12> Ajajjajajajjajajajaja
[04:22:43] [Server thread/INFO]: <Lemaid12> Valimos verga
[04:22:54] [Server thread/INFO]: <Lemaid12> No cierto, si la hacemos
[04:23:32] [Server thread/INFO]: <Lemaid12> OTRA VEZ
[04:24:00] [Server thread/INFO]: <Lemaid12> Hola soy una pendeja
[04:24:32] [Server thread/INFO]: <Lemaid12> No habias terminado ya?
[04:24:40] [Server thread/INFO]: <Lemaid12> Alv, ya empezaste?
[04:26:02] [Server thread/INFO]: <Lemaid12> seguimos buscando?
[04:26:09] [Server thread/INFO]: <Lemaid12> y creo uqe no
[04:26:17] [Server thread/INFO]: <Lemaid12> Claro
[04:26:24] [Server thread/INFO]: Bollas lost connection: Disconnected
[04:26:24] [Server thread/INFO]: Bollas left the game
[04:26:26] [Server thread/INFO]: <Lemaid12> Solo que una de esas cosas es facil y la otra es dificil
[04:26:35] [Server thread/INFO]: <StrapsAlbein> maki
[04:26:44] [Server thread/INFO]: <Lemaid12> Se salio
[04:26:53] [Server thread/INFO]: <Lemaid12> se salio Bolly
[04:27:10] [Server thread/INFO]: <StrapsAlbein> makiii?
[04:27:15] [Server thread/INFO]: <EsoJet> dejame le hablo
[04:27:27] [Server thread/INFO]: <EsoJet> esta en llamada pero no hable
[04:27:31] [Server thread/INFO]: <EsoJet> dice jafet que lo mato
[04:27:34] [Server thread/INFO]: <StrapsAlbein> ni pedo
[04:27:42] [Server thread/INFO]: <StrapsAlbein> se vengo porfin
[04:27:49] [Server thread/INFO]: <Lemaid12> Ni pedo
[04:27:55] [Server thread/INFO]: <EsoJet> nooo
[04:27:57] [Server thread/INFO]: <Lemaid12> Por donde?
[04:28:02] [Server thread/INFO]: <Lemaid12> aber te sigo
[04:28:39] [Server thread/INFO]: <Lemaid12> gracias
[04:29:41] [Server thread/INFO]: <Lemaid12> Leo
[04:29:44] [Server thread/INFO]: <Lemaid12> hay un negro
[04:31:04] [Server thread/INFO]: <Lemaid12> era detras del portal
[04:31:34] [Server thread/INFO]: <Lemaid12> Po-ta-to
[04:31:43] [Server thread/INFO]: <Lemaid12> hostia un negro
[04:36:28] [Server thread/INFO]: <Lemaid12> deberia hacer una casa aqui
[04:37:28] [Server thread/INFO]: <Lemaid12> Gracias
[04:37:43] [Server thread/INFO]: <Lemaid12> claro
[04:39:35] [Server thread/INFO]: EsoJet lost connection: Disconnected
[04:39:35] [Server thread/INFO]: EsoJet left the game
[04:41:59] [Server thread/INFO]: MakiWong lost connection: Disconnected
[04:41:59] [Server thread/INFO]: MakiWong left the game
[04:42:42] [Server thread/INFO]: <Lemaid12> Mikasa
[04:43:30] [Server thread/INFO]: <Lemaid12> cross sos vos?
[04:43:56] [Server thread/INFO]: <Lemaid12> Oh no, un negro
[04:44:23] [Server thread/INFO]: <Lemaid12> Me llevo un stack
[04:48:14] [Server thread/INFO]: <Lemaid12> Yo queria poner un carrito para moverme a la aldea
[04:49:36] [Server thread/INFO]: <Lemaid12> sigues vivo?
[04:52:21] [Server thread/INFO]: There are 3 of a max of 18 players online: StrapsAlbein, CrossReinhardt, Lemaid12
[04:53:14] [Server thread/INFO]: <Lemaid12> Yo?
[04:53:17] [Server thread/INFO]: <Lemaid12> Como 3 minutos
[04:53:19] [Server thread/INFO]: <Lemaid12> y tu?
[04:53:56] [Server thread/INFO]: <Lemaid12> Ustedes que opinan de los objetivos de esta ronda?
[04:54:25] [Server thread/INFO]: <Lemaid12> Al menos esta mejor que el de la ronda 1
[04:54:29] [Server thread/INFO]: <Lemaid12> Ese estaba en blanco casi
[04:58:52] [Server thread/INFO]: Lemaid12 fell from a high place
[04:58:58] [Server thread/INFO]: <Lemaid12> Puta madre
[04:59:37] [Server thread/INFO]: Lemaid12 was shot by Skeleton
[04:59:46] [Server thread/INFO]: <Lemaid12> al lado de mi casa
[05:00:29] [Server thread/INFO]: <Lemaid12> gracias
[05:11:48] [Server thread/INFO]: <Lemaid12> Ustedes que estan haciendo?
[05:13:19] [Server thread/INFO]: <Lemaid12> Alas?
[05:13:35] [Server thread/INFO]: <Lemaid12> JAJJAJAJAJAJAJAJAJAJJAJAJAJAJAJ
[05:13:47] [Server thread/INFO]: <Lemaid12> Estaba calculadisimo
[05:14:00] [Server thread/INFO]: <Lemaid12> JAJAJAJAJAJ
[05:14:02] [Server thread/INFO]: <Lemaid12> No como crees
[05:14:06] [Server thread/INFO]: <Lemaid12> Era para que volaras we
[05:14:44] [Server thread/INFO]: <Lemaid12> gracias
[05:14:56] [Server thread/INFO]: <Lemaid12> Dale Leo, salto de fe
[05:15:02] [Server thread/INFO]: <Lemaid12> la atalaya
[05:15:11] [Server thread/INFO]: StrapsAlbein fell from a high place
[05:15:20] [Server thread/INFO]: <Lemaid12> JAJAJAJAJJAJAJAJAJAJAJAJJAJA
[05:15:53] [Server thread/INFO]: <Lemaid12> Me voy a hacer de la risa jkjsjksjkskj
[05:16:05] [Server thread/INFO]: <Lemaid12> Muy feliz, gracias
[05:16:15] [Server thread/INFO]: <Lemaid12> Pero Leo
[05:16:19] [Server thread/INFO]: <Lemaid12> el generador de mobs
[05:16:29] [Server thread/INFO]: <Lemaid12> Si te los regresa nmms
[05:16:49] [Server thread/INFO]: <Lemaid12> Pues
[05:16:50] [Server thread/INFO]: <Lemaid12> suerte
[05:16:55] [Server thread/INFO]: <Lemaid12> JAJAJJAJAJAJA
[05:17:32] [Server thread/INFO]: <Lemaid12> Aber, te doy uno
[05:17:46] [Server thread/INFO]: StrapsAlbein fell from a high place
[05:17:49] [Server thread/INFO]: <Lemaid12> ...
[05:17:55] [Server thread/INFO]: <Lemaid12> JAAJAJAJJASKJKSAJASJKSAJKJSAJASKJSAKJSAJKASJKSAKJSAKJ
[05:18:35] [Server thread/INFO]: StrapsAlbein has made the advancement [Take Aim]
[05:19:06] [Server thread/INFO]: <Lemaid12> Bueno, me voy banda
[05:19:09] [Server thread/INFO]: <Lemaid12> Buenas noches
[05:19:15] [Server thread/INFO]: StrapsAlbein lost connection: Disconnected
[05:19:15] [Server thread/INFO]: StrapsAlbein left the game
[05:19:15] [Server thread/INFO]: Lemaid12 lost connection: Disconnected
[05:19:15] [Server thread/INFO]: Lemaid12 left the game
[05:48:44] [Server thread/INFO]: There are 1 of a max of 18 players online: CrossReinhardt
[06:18:45] [Server thread/INFO]: EsoJet[/187.160.11.34:40053] logged in with entity id 290051 at (-120.13155619109655, 64.0, 1464.9293476249743)
[06:18:45] [Server thread/INFO]: EsoJet joined the game
[06:20:54] [Server thread/INFO]: CrossReinhardt lost connection: Disconnected
[06:20:54] [Server thread/INFO]: CrossReinhardt left the game
[06:30:50] [Server thread/INFO]: There are 1 of a max of 18 players online: EsoJet
[07:13:11] [Server thread/INFO]: EsoJet lost connection: Disconnected
[07:13:11] [Server thread/INFO]: EsoJet left the game
[17:50:24] [Server thread/INFO]: Stopping server
[17:50:24] [Server thread/INFO]: Saving players
[17:50:24] [Server thread/INFO]: Saving worlds
[17:50:24] [Server thread/INFO]: Saving chunks for level 'ServerLevel[world]'/minecraft:overworld
[17:50:24] [Server console handler/ERROR]: Exception handling console input
java.io.IOException: Input/output error
	at java.io.FileInputStream.readBytes(Native Method) ~[?:?]
	at java.io.FileInputStream.read(FileInputStream.java:271) ~[?:?]
	at java.io.BufferedInputStream.read1(BufferedInputStream.java:282) ~[?:?]
	at java.io.BufferedInputStream.read(BufferedInputStream.java:343) ~[?:?]
	at sun.nio.cs.StreamDecoder.readBytes(StreamDecoder.java:297) ~[?:?]
	at sun.nio.cs.StreamDecoder.implRead(StreamDecoder.java:339) ~[?:?]
	at sun.nio.cs.StreamDecoder.read(StreamDecoder.java:188) ~[?:?]
	at java.io.InputStreamReader.read(InputStreamReader.java:178) ~[?:?]
	at java.io.BufferedReader.fill(BufferedReader.java:161) ~[?:?]
	at java.io.BufferedReader.readLine(BufferedReader.java:329) ~[?:?]
	at java.io.BufferedReader.readLine(BufferedReader.java:396) ~[?:?]
	at aas$1.run(SourceFile:101) [mcserver.jar:?]
